{"/home/lrw/personal-projects/plusone/backend/_testCommon.js": {"path":"/home/lrw/personal-projects/plusone/backend/_testCommon.js","statementMap":{"0":{"start":{"line":3,"column":19},"end":{"line":3,"column":38}},"1":{"start":{"line":4,"column":15},"end":{"line":4,"column":32}},"2":{"start":{"line":5,"column":31},"end":{"line":5,"column":50}},"3":{"start":{"line":6,"column":15},"end":{"line":6,"column":32}},"4":{"start":{"line":7,"column":13},"end":{"line":7,"column":37}},"5":{"start":{"line":14,"column":26},"end":{"line":21,"column":5}},"6":{"start":{"line":23,"column":22},"end":{"line":30,"column":5}},"7":{"start":{"line":32,"column":27},"end":{"line":39,"column":5}},"8":{"start":{"line":41,"column":21},"end":{"line":47,"column":5}},"9":{"start":{"line":50,"column":20},"end":{"line":50,"column":32}},"10":{"start":{"line":51,"column":21},"end":{"line":51,"column":39}},"11":{"start":{"line":52,"column":8},"end":{"line":52,"column":20}},"12":{"start":{"line":55,"column":27},"end":{"line":62,"column":5}},"13":{"start":{"line":64,"column":23},"end":{"line":71,"column":5}},"14":{"start":{"line":73,"column":22},"end":{"line":80,"column":5}},"15":{"start":{"line":82,"column":25},"end":{"line":86,"column":5}},"16":{"start":{"line":88,"column":25},"end":{"line":92,"column":5}},"17":{"start":{"line":94,"column":24},"end":{"line":98,"column":5}},"18":{"start":{"line":102,"column":21},"end":{"line":102,"column":32}},"19":{"start":{"line":103,"column":4},"end":{"line":105,"column":28}},"20":{"start":{"line":107,"column":17},"end":{"line":107,"column":61}},"21":{"start":{"line":108,"column":4},"end":{"line":108,"column":16}},"22":{"start":{"line":112,"column":21},"end":{"line":112,"column":32}},"23":{"start":{"line":113,"column":18},"end":{"line":113,"column":63}},"24":{"start":{"line":114,"column":4},"end":{"line":114,"column":17}},"25":{"start":{"line":118,"column":21},"end":{"line":118,"column":32}},"26":{"start":{"line":119,"column":20},"end":{"line":119,"column":67}},"27":{"start":{"line":120,"column":4},"end":{"line":120,"column":19}},"28":{"start":{"line":127,"column":16},"end":{"line":127,"column":17}},"29":{"start":{"line":128,"column":18},"end":{"line":128,"column":20}},"30":{"start":{"line":131,"column":4},"end":{"line":145,"column":5}},"31":{"start":{"line":131,"column":20},"end":{"line":131,"column":21}},"32":{"start":{"line":133,"column":8},"end":{"line":143,"column":9}},"33":{"start":{"line":134,"column":12},"end":{"line":141,"column":13}},"34":{"start":{"line":135,"column":28},"end":{"line":137,"column":18}},"35":{"start":{"line":138,"column":16},"end":{"line":138,"column":36}},"36":{"start":{"line":140,"column":16},"end":{"line":140,"column":52}},"37":{"start":{"line":142,"column":12},"end":{"line":142,"column":20}},"38":{"start":{"line":144,"column":8},"end":{"line":144,"column":18}},"39":{"start":{"line":147,"column":4},"end":{"line":147,"column":19}},"40":{"start":{"line":154,"column":17},"end":{"line":154,"column":19}},"41":{"start":{"line":156,"column":4},"end":{"line":166,"column":5}},"42":{"start":{"line":156,"column":17},"end":{"line":156,"column":18}},"43":{"start":{"line":157,"column":20},"end":{"line":164,"column":10}},"44":{"start":{"line":165,"column":8},"end":{"line":165,"column":27}},"45":{"start":{"line":168,"column":4},"end":{"line":168,"column":18}},"46":{"start":{"line":172,"column":4},"end":{"line":172,"column":20}},"47":{"start":{"line":173,"column":25},"end":{"line":173,"column":60}},"48":{"start":{"line":174,"column":26},"end":{"line":174,"column":62}},"49":{"start":{"line":175,"column":26},"end":{"line":175,"column":63}},"50":{"start":{"line":176,"column":24},"end":{"line":176,"column":28}},"51":{"start":{"line":178,"column":4},"end":{"line":183,"column":5}},"52":{"start":{"line":179,"column":8},"end":{"line":182,"column":11}},"53":{"start":{"line":184,"column":30},"end":{"line":187,"column":6}},"54":{"start":{"line":188,"column":26},"end":{"line":191,"column":6}},"55":{"start":{"line":192,"column":23},"end":{"line":195,"column":6}},"56":{"start":{"line":197,"column":4},"end":{"line":205,"column":6}},"57":{"start":{"line":209,"column":4},"end":{"line":209,"column":38}},"58":{"start":{"line":210,"column":4},"end":{"line":210,"column":40}},"59":{"start":{"line":211,"column":4},"end":{"line":211,"column":38}},"60":{"start":{"line":212,"column":4},"end":{"line":212,"column":37}},"61":{"start":{"line":216,"column":0},"end":{"line":225,"column":2}}},"fnMap":{"0":{"name":"(anonymous_0)","decl":{"start":{"line":49,"column":4},"end":{"line":49,"column":5}},"loc":{"start":{"line":49,"column":29},"end":{"line":53,"column":5}},"line":49},"1":{"name":"createUser","decl":{"start":{"line":101,"column":15},"end":{"line":101,"column":25}},"loc":{"start":{"line":101,"column":32},"end":{"line":109,"column":1}},"line":101},"2":{"name":"createEvent","decl":{"start":{"line":111,"column":15},"end":{"line":111,"column":26}},"loc":{"start":{"line":111,"column":33},"end":{"line":115,"column":1}},"line":111},"3":{"name":"createProfile","decl":{"start":{"line":117,"column":15},"end":{"line":117,"column":28}},"loc":{"start":{"line":117,"column":35},"end":{"line":121,"column":1}},"line":117},"4":{"name":"generateMatches","decl":{"start":{"line":126,"column":15},"end":{"line":126,"column":30}},"loc":{"start":{"line":126,"column":46},"end":{"line":148,"column":1}},"line":126},"5":{"name":"generateEvents","decl":{"start":{"line":153,"column":15},"end":{"line":153,"column":29}},"loc":{"start":{"line":153,"column":48},"end":{"line":169,"column":1}},"line":153},"6":{"name":"runBeforeAll","decl":{"start":{"line":171,"column":15},"end":{"line":171,"column":27}},"loc":{"start":{"line":171,"column":42},"end":{"line":206,"column":1}},"line":171},"7":{"name":"clearDb","decl":{"start":{"line":208,"column":15},"end":{"line":208,"column":22}},"loc":{"start":{"line":208,"column":25},"end":{"line":213,"column":1}},"line":208}},"branchMap":{"0":{"loc":{"start":{"line":49,"column":19},"end":{"line":49,"column":27}},"type":"default-arg","locations":[{"start":{"line":49,"column":26},"end":{"line":49,"column":27}}],"line":49},"1":{"loc":{"start":{"line":153,"column":36},"end":{"line":153,"column":46}},"type":"default-arg","locations":[{"start":{"line":153,"column":44},"end":{"line":153,"column":46}}],"line":153},"2":{"loc":{"start":{"line":171,"column":28},"end":{"line":171,"column":40}},"type":"default-arg","locations":[{"start":{"line":171,"column":36},"end":{"line":171,"column":40}}],"line":171},"3":{"loc":{"start":{"line":178,"column":4},"end":{"line":183,"column":5}},"type":"if","locations":[{"start":{"line":178,"column":4},"end":{"line":183,"column":5}},{"start":{},"end":{}}],"line":178}},"s":{"0":12,"1":12,"2":12,"3":12,"4":12,"5":12,"6":12,"7":12,"8":12,"9":50,"10":50,"11":50,"12":12,"13":12,"14":12,"15":12,"16":12,"17":12,"18":83,"19":83,"20":83,"21":81,"22":64,"23":64,"24":64,"25":0,"26":0,"27":0,"28":2,"29":2,"30":2,"31":2,"32":6,"33":66,"34":66,"35":66,"36":0,"37":66,"38":6,"39":2,"40":3,"41":3,"42":3,"43":24,"44":24,"45":3,"46":36,"47":36,"48":36,"49":36,"50":36,"51":36,"52":33,"53":36,"54":36,"55":36,"56":36,"57":71,"58":71,"59":71,"60":71,"61":12},"f":{"0":50,"1":83,"2":64,"3":0,"4":2,"5":3,"6":36,"7":71},"b":{"0":[48],"1":[0],"2":[33],"3":[33,3]},"_coverageSchema":"1a1c01bbd47fc00a2c39e90264f33305004495a9","hash":"3d0ba25f71720cae17c5b9509169c1ee7c92f22a"}
,"/home/lrw/personal-projects/plusone/backend/app.js": {"path":"/home/lrw/personal-projects/plusone/backend/app.js","statementMap":{"0":{"start":{"line":4,"column":16},"end":{"line":4,"column":34}},"1":{"start":{"line":5,"column":13},"end":{"line":5,"column":28}},"2":{"start":{"line":7,"column":26},"end":{"line":7,"column":51}},"3":{"start":{"line":9,"column":28},"end":{"line":9,"column":56}},"4":{"start":{"line":10,"column":19},"end":{"line":10,"column":43}},"5":{"start":{"line":11,"column":20},"end":{"line":11,"column":45}},"6":{"start":{"line":12,"column":21},"end":{"line":12,"column":47}},"7":{"start":{"line":13,"column":22},"end":{"line":13,"column":49}},"8":{"start":{"line":14,"column":23},"end":{"line":14,"column":51}},"9":{"start":{"line":17,"column":15},"end":{"line":17,"column":32}},"10":{"start":{"line":19,"column":12},"end":{"line":19,"column":21}},"11":{"start":{"line":21,"column":0},"end":{"line":21,"column":16}},"12":{"start":{"line":22,"column":0},"end":{"line":22,"column":24}},"13":{"start":{"line":23,"column":0},"end":{"line":23,"column":24}},"14":{"start":{"line":24,"column":0},"end":{"line":24,"column":25}},"15":{"start":{"line":26,"column":0},"end":{"line":26,"column":29}},"16":{"start":{"line":27,"column":0},"end":{"line":27,"column":31}},"17":{"start":{"line":28,"column":0},"end":{"line":28,"column":33}},"18":{"start":{"line":29,"column":0},"end":{"line":29,"column":35}},"19":{"start":{"line":30,"column":0},"end":{"line":30,"column":37}},"20":{"start":{"line":35,"column":0},"end":{"line":37,"column":3}},"21":{"start":{"line":36,"column":4},"end":{"line":36,"column":30}},"22":{"start":{"line":40,"column":0},"end":{"line":48,"column":3}},"23":{"start":{"line":41,"column":4},"end":{"line":41,"column":66}},"24":{"start":{"line":41,"column":41},"end":{"line":41,"column":66}},"25":{"start":{"line":42,"column":19},"end":{"line":42,"column":36}},"26":{"start":{"line":43,"column":20},"end":{"line":43,"column":31}},"27":{"start":{"line":45,"column":4},"end":{"line":47,"column":7}},"28":{"start":{"line":50,"column":0},"end":{"line":50,"column":21}}},"fnMap":{"0":{"name":"(anonymous_0)","decl":{"start":{"line":35,"column":8},"end":{"line":35,"column":9}},"loc":{"start":{"line":35,"column":34},"end":{"line":37,"column":1}},"line":35},"1":{"name":"(anonymous_1)","decl":{"start":{"line":40,"column":8},"end":{"line":40,"column":9}},"loc":{"start":{"line":40,"column":39},"end":{"line":48,"column":1}},"line":40}},"branchMap":{"0":{"loc":{"start":{"line":41,"column":4},"end":{"line":41,"column":66}},"type":"if","locations":[{"start":{"line":41,"column":4},"end":{"line":41,"column":66}},{"start":{},"end":{}}],"line":41},"1":{"loc":{"start":{"line":42,"column":19},"end":{"line":42,"column":36}},"type":"binary-expr","locations":[{"start":{"line":42,"column":19},"end":{"line":42,"column":29}},{"start":{"line":42,"column":33},"end":{"line":42,"column":36}}],"line":42}},"s":{"0":5,"1":5,"2":5,"3":5,"4":5,"5":5,"6":5,"7":5,"8":5,"9":5,"10":5,"11":5,"12":5,"13":5,"14":5,"15":5,"16":5,"17":5,"18":5,"19":5,"20":5,"21":0,"22":5,"23":0,"24":0,"25":0,"26":0,"27":0,"28":5},"f":{"0":0,"1":0},"b":{"0":[0,0],"1":[0,0]},"_coverageSchema":"1a1c01bbd47fc00a2c39e90264f33305004495a9","hash":"e22e2f74194b5f6c9ce2c4f4f681774e26c03b7c"}
,"/home/lrw/personal-projects/plusone/backend/config.js": {"path":"/home/lrw/personal-projects/plusone/backend/config.js","statementMap":{"0":{"start":{"line":5,"column":0},"end":{"line":5,"column":27}},"1":{"start":{"line":6,"column":0},"end":{"line":6,"column":18}},"2":{"start":{"line":8,"column":19},"end":{"line":8,"column":60}},"3":{"start":{"line":10,"column":13},"end":{"line":10,"column":38}},"4":{"start":{"line":14,"column":4},"end":{"line":16,"column":35}},"5":{"start":{"line":21,"column":27},"end":{"line":21,"column":67}},"6":{"start":{"line":23,"column":0},"end":{"line":32,"column":1}},"7":{"start":{"line":24,"column":4},"end":{"line":31,"column":6}},"8":{"start":{"line":34,"column":0},"end":{"line":39,"column":2}}},"fnMap":{"0":{"name":"getDatabaseUri","decl":{"start":{"line":13,"column":9},"end":{"line":13,"column":23}},"loc":{"start":{"line":13,"column":26},"end":{"line":17,"column":1}},"line":13}},"branchMap":{"0":{"loc":{"start":{"line":8,"column":19},"end":{"line":8,"column":60}},"type":"binary-expr","locations":[{"start":{"line":8,"column":19},"end":{"line":8,"column":41}},{"start":{"line":8,"column":45},"end":{"line":8,"column":60}}],"line":8},"1":{"loc":{"start":{"line":10,"column":13},"end":{"line":10,"column":38}},"type":"binary-expr","locations":[{"start":{"line":10,"column":13},"end":{"line":10,"column":30}},{"start":{"line":10,"column":34},"end":{"line":10,"column":38}}],"line":10},"2":{"loc":{"start":{"line":14,"column":11},"end":{"line":16,"column":34}},"type":"cond-expr","locations":[{"start":{"line":15,"column":10},"end":{"line":15,"column":39}},{"start":{"line":16,"column":10},"end":{"line":16,"column":34}}],"line":14},"3":{"loc":{"start":{"line":21,"column":27},"end":{"line":21,"column":67}},"type":"cond-expr","locations":[{"start":{"line":21,"column":61},"end":{"line":21,"column":62}},{"start":{"line":21,"column":65},"end":{"line":21,"column":67}}],"line":21},"4":{"loc":{"start":{"line":23,"column":0},"end":{"line":32,"column":1}},"type":"if","locations":[{"start":{"line":23,"column":0},"end":{"line":32,"column":1}},{"start":{},"end":{}}],"line":23}},"s":{"0":12,"1":12,"2":12,"3":12,"4":12,"5":12,"6":12,"7":0,"8":12},"f":{"0":12},"b":{"0":[12,12],"1":[12,12],"2":[12,0],"3":[12,0],"4":[0,12]},"_coverageSchema":"1a1c01bbd47fc00a2c39e90264f33305004495a9","hash":"b9869f9a7efdd28da022d5cad6833a14781da69a"}
,"/home/lrw/personal-projects/plusone/backend/expressError.js": {"path":"/home/lrw/personal-projects/plusone/backend/expressError.js","statementMap":{"0":{"start":{"line":3,"column":19},"end":{"line":3,"column":44}},"1":{"start":{"line":13,"column":8},"end":{"line":13,"column":16}},"2":{"start":{"line":14,"column":8},"end":{"line":14,"column":31}},"3":{"start":{"line":15,"column":8},"end":{"line":15,"column":29}},"4":{"start":{"line":23,"column":8},"end":{"line":23,"column":28}},"5":{"start":{"line":31,"column":8},"end":{"line":31,"column":28}},"6":{"start":{"line":39,"column":8},"end":{"line":39,"column":28}},"7":{"start":{"line":47,"column":8},"end":{"line":47,"column":28}},"8":{"start":{"line":54,"column":8},"end":{"line":54,"column":28}},"9":{"start":{"line":64,"column":4},"end":{"line":66,"column":82}},"10":{"start":{"line":66,"column":8},"end":{"line":66,"column":82}},"11":{"start":{"line":67,"column":4},"end":{"line":69,"column":50}},"12":{"start":{"line":69,"column":8},"end":{"line":69,"column":50}},"13":{"start":{"line":70,"column":4},"end":{"line":72,"column":58}},"14":{"start":{"line":72,"column":8},"end":{"line":72,"column":58}},"15":{"start":{"line":75,"column":4},"end":{"line":75,"column":54}},"16":{"start":{"line":78,"column":0},"end":{"line":86,"column":2}}},"fnMap":{"0":{"name":"(anonymous_0)","decl":{"start":{"line":12,"column":4},"end":{"line":12,"column":5}},"loc":{"start":{"line":12,"column":33},"end":{"line":16,"column":5}},"line":12},"1":{"name":"(anonymous_1)","decl":{"start":{"line":22,"column":4},"end":{"line":22,"column":5}},"loc":{"start":{"line":22,"column":39},"end":{"line":24,"column":5}},"line":22},"2":{"name":"(anonymous_2)","decl":{"start":{"line":30,"column":4},"end":{"line":30,"column":5}},"loc":{"start":{"line":30,"column":42},"end":{"line":32,"column":5}},"line":30},"3":{"name":"(anonymous_3)","decl":{"start":{"line":38,"column":4},"end":{"line":38,"column":5}},"loc":{"start":{"line":38,"column":41},"end":{"line":40,"column":5}},"line":38},"4":{"name":"(anonymous_4)","decl":{"start":{"line":46,"column":4},"end":{"line":46,"column":5}},"loc":{"start":{"line":46,"column":39},"end":{"line":48,"column":5}},"line":46},"5":{"name":"(anonymous_5)","decl":{"start":{"line":53,"column":4},"end":{"line":53,"column":5}},"loc":{"start":{"line":53,"column":51},"end":{"line":55,"column":5}},"line":53},"6":{"name":"handlePrismaError","decl":{"start":{"line":62,"column":9},"end":{"line":62,"column":26}},"loc":{"start":{"line":62,"column":32},"end":{"line":76,"column":1}},"line":62}},"branchMap":{"0":{"loc":{"start":{"line":22,"column":16},"end":{"line":22,"column":37}},"type":"default-arg","locations":[{"start":{"line":22,"column":26},"end":{"line":22,"column":37}}],"line":22},"1":{"loc":{"start":{"line":30,"column":16},"end":{"line":30,"column":40}},"type":"default-arg","locations":[{"start":{"line":30,"column":26},"end":{"line":30,"column":40}}],"line":30},"2":{"loc":{"start":{"line":38,"column":16},"end":{"line":38,"column":39}},"type":"default-arg","locations":[{"start":{"line":38,"column":26},"end":{"line":38,"column":39}}],"line":38},"3":{"loc":{"start":{"line":46,"column":16},"end":{"line":46,"column":37}},"type":"default-arg","locations":[{"start":{"line":46,"column":26},"end":{"line":46,"column":37}}],"line":46},"4":{"loc":{"start":{"line":53,"column":16},"end":{"line":53,"column":49}},"type":"default-arg","locations":[{"start":{"line":53,"column":26},"end":{"line":53,"column":49}}],"line":53},"5":{"loc":{"start":{"line":64,"column":4},"end":{"line":66,"column":82}},"type":"if","locations":[{"start":{"line":64,"column":4},"end":{"line":66,"column":82}},{"start":{},"end":{}}],"line":64},"6":{"loc":{"start":{"line":67,"column":4},"end":{"line":69,"column":50}},"type":"if","locations":[{"start":{"line":67,"column":4},"end":{"line":69,"column":50}},{"start":{},"end":{}}],"line":67},"7":{"loc":{"start":{"line":70,"column":4},"end":{"line":72,"column":58}},"type":"if","locations":[{"start":{"line":70,"column":4},"end":{"line":72,"column":58}},{"start":{},"end":{}}],"line":70}},"s":{"0":13,"1":22,"2":22,"3":22,"4":8,"5":2,"6":11,"7":0,"8":1,"9":4,"10":1,"11":3,"12":1,"13":2,"14":1,"15":1,"16":13},"f":{"0":22,"1":8,"2":2,"3":11,"4":0,"5":1,"6":4},"b":{"0":[0],"1":[0],"2":[0],"3":[0],"4":[0],"5":[1,3],"6":[1,2],"7":[1,1]},"_coverageSchema":"1a1c01bbd47fc00a2c39e90264f33305004495a9","hash":"61453b3a7b53223e9a445673f09306536a0c3984"}
,"/home/lrw/personal-projects/plusone/backend/prisma.js": {"path":"/home/lrw/personal-projects/plusone/backend/prisma.js","statementMap":{"0":{"start":{"line":5,"column":25},"end":{"line":5,"column":50}},"1":{"start":{"line":6,"column":27},"end":{"line":6,"column":46}},"2":{"start":{"line":8,"column":11},"end":{"line":8,"column":27}},"3":{"start":{"line":9,"column":15},"end":{"line":15,"column":2}},"4":{"start":{"line":16,"column":0},"end":{"line":16,"column":42}},"5":{"start":{"line":18,"column":0},"end":{"line":18,"column":28}}},"fnMap":{},"branchMap":{},"s":{"0":12,"1":12,"2":12,"3":12,"4":12,"5":12},"f":{},"b":{},"_coverageSchema":"1a1c01bbd47fc00a2c39e90264f33305004495a9","hash":"5ef24ce6e91d86eda4924935e2520dfc0b979f9f"}
,"/home/lrw/personal-projects/plusone/backend/helpers/prisma.js": {"path":"/home/lrw/personal-projects/plusone/backend/helpers/prisma.js","statementMap":{"0":{"start":{"line":10,"column":4},"end":{"line":12,"column":6}},"1":{"start":{"line":11,"column":46},"end":{"line":11,"column":65}},"2":{"start":{"line":21,"column":23},"end":{"line":21,"column":25}},"3":{"start":{"line":22,"column":4},"end":{"line":24,"column":5}},"4":{"start":{"line":23,"column":8},"end":{"line":23,"column":46}},"5":{"start":{"line":25,"column":4},"end":{"line":25,"column":24}},"6":{"start":{"line":28,"column":0},"end":{"line":28,"column":45}}},"fnMap":{"0":{"name":"exclude","decl":{"start":{"line":9,"column":9},"end":{"line":9,"column":16}},"loc":{"start":{"line":9,"column":28},"end":{"line":13,"column":1}},"line":9},"1":{"name":"(anonymous_1)","decl":{"start":{"line":11,"column":35},"end":{"line":11,"column":36}},"loc":{"start":{"line":11,"column":46},"end":{"line":11,"column":65}},"line":11},"2":{"name":"excludeFromAll","decl":{"start":{"line":20,"column":9},"end":{"line":20,"column":23}},"loc":{"start":{"line":20,"column":36},"end":{"line":26,"column":1}},"line":20}},"branchMap":{},"s":{"0":33,"1":230,"2":7,"3":7,"4":8,"5":7,"6":7},"f":{"0":33,"1":230,"2":7},"b":{},"_coverageSchema":"1a1c01bbd47fc00a2c39e90264f33305004495a9","hash":"b21d4a066b4a3ba5afc50a4d40a3df9fe91db369"}
,"/home/lrw/personal-projects/plusone/backend/middleware/auth.js": {"path":"/home/lrw/personal-projects/plusone/backend/middleware/auth.js","statementMap":{"0":{"start":{"line":5,"column":12},"end":{"line":5,"column":35}},"1":{"start":{"line":6,"column":23},"end":{"line":6,"column":43}},"2":{"start":{"line":7,"column":19},"end":{"line":7,"column":39}},"3":{"start":{"line":18,"column":23},"end":{"line":18,"column":49}},"4":{"start":{"line":19,"column":4},"end":{"line":30,"column":5}},"5":{"start":{"line":20,"column":22},"end":{"line":20,"column":66}},"6":{"start":{"line":21,"column":8},"end":{"line":29,"column":9}},"7":{"start":{"line":22,"column":23},"end":{"line":22,"column":52}},"8":{"start":{"line":23,"column":12},"end":{"line":25,"column":15}},"9":{"start":{"line":28,"column":12},"end":{"line":28,"column":29}},"10":{"start":{"line":31,"column":4},"end":{"line":31,"column":18}},"11":{"start":{"line":41,"column":4},"end":{"line":41,"column":46}},"12":{"start":{"line":41,"column":32},"end":{"line":41,"column":46}},"13":{"start":{"line":42,"column":4},"end":{"line":42,"column":77}},"14":{"start":{"line":51,"column":4},"end":{"line":53,"column":5}},"15":{"start":{"line":52,"column":8},"end":{"line":52,"column":22}},"16":{"start":{"line":54,"column":4},"end":{"line":54,"column":77}},"17":{"start":{"line":64,"column":17},"end":{"line":64,"column":32}},"18":{"start":{"line":65,"column":18},"end":{"line":65,"column":40}},"19":{"start":{"line":66,"column":4},"end":{"line":68,"column":5}},"20":{"start":{"line":67,"column":8},"end":{"line":67,"column":22}},"21":{"start":{"line":70,"column":4},"end":{"line":70,"column":77}},"22":{"start":{"line":80,"column":17},"end":{"line":80,"column":32}},"23":{"start":{"line":81,"column":16},"end":{"line":81,"column":20}},"24":{"start":{"line":82,"column":4},"end":{"line":86,"column":83}},"25":{"start":{"line":83,"column":8},"end":{"line":85,"column":11}},"26":{"start":{"line":86,"column":20},"end":{"line":86,"column":81}},"27":{"start":{"line":88,"column":18},"end":{"line":88,"column":41}},"28":{"start":{"line":89,"column":4},"end":{"line":91,"column":5}},"29":{"start":{"line":90,"column":8},"end":{"line":90,"column":22}},"30":{"start":{"line":93,"column":4},"end":{"line":93,"column":77}},"31":{"start":{"line":103,"column":17},"end":{"line":103,"column":32}},"32":{"start":{"line":105,"column":4},"end":{"line":105,"column":88}},"33":{"start":{"line":105,"column":15},"end":{"line":105,"column":88}},"34":{"start":{"line":107,"column":4},"end":{"line":128,"column":5}},"35":{"start":{"line":108,"column":20},"end":{"line":108,"column":24}},"36":{"start":{"line":109,"column":8},"end":{"line":118,"column":9}},"37":{"start":{"line":110,"column":12},"end":{"line":115,"column":15}},"38":{"start":{"line":117,"column":12},"end":{"line":117,"column":73}},"39":{"start":{"line":119,"column":8},"end":{"line":119,"column":36}},"40":{"start":{"line":121,"column":8},"end":{"line":125,"column":86}},"41":{"start":{"line":124,"column":10},"end":{"line":125,"column":86}},"42":{"start":{"line":127,"column":8},"end":{"line":127,"column":22}},"43":{"start":{"line":130,"column":16},"end":{"line":130,"column":20}},"44":{"start":{"line":131,"column":36},"end":{"line":131,"column":44}},"45":{"start":{"line":133,"column":4},"end":{"line":137,"column":83}},"46":{"start":{"line":134,"column":8},"end":{"line":136,"column":11}},"47":{"start":{"line":137,"column":20},"end":{"line":137,"column":81}},"48":{"start":{"line":139,"column":4},"end":{"line":139,"column":36}},"49":{"start":{"line":139,"column":22},"end":{"line":139,"column":36}},"50":{"start":{"line":141,"column":4},"end":{"line":145,"column":82}},"51":{"start":{"line":144,"column":6},"end":{"line":145,"column":82}},"52":{"start":{"line":147,"column":4},"end":{"line":149,"column":5}},"53":{"start":{"line":148,"column":8},"end":{"line":148,"column":22}},"54":{"start":{"line":152,"column":0},"end":{"line":159,"column":2}}},"fnMap":{"0":{"name":"authenticateJWT","decl":{"start":{"line":17,"column":15},"end":{"line":17,"column":30}},"loc":{"start":{"line":17,"column":47},"end":{"line":33,"column":1}},"line":17},"1":{"name":"ensureLoggedIn","decl":{"start":{"line":40,"column":9},"end":{"line":40,"column":23}},"loc":{"start":{"line":40,"column":40},"end":{"line":43,"column":1}},"line":40},"2":{"name":"ensureAdmin","decl":{"start":{"line":50,"column":9},"end":{"line":50,"column":20}},"loc":{"start":{"line":50,"column":37},"end":{"line":55,"column":1}},"line":50},"3":{"name":"ensureCorrectUserOrAdmin","decl":{"start":{"line":63,"column":9},"end":{"line":63,"column":33}},"loc":{"start":{"line":63,"column":50},"end":{"line":71,"column":1}},"line":63},"4":{"name":"ensureCorrectUserOrAdminEvents","decl":{"start":{"line":79,"column":15},"end":{"line":79,"column":45}},"loc":{"start":{"line":79,"column":62},"end":{"line":94,"column":1}},"line":79},"5":{"name":"ensureCorrectUserOrAdminMatches","decl":{"start":{"line":102,"column":15},"end":{"line":102,"column":46}},"loc":{"start":{"line":102,"column":63},"end":{"line":150,"column":1}},"line":102}},"branchMap":{"0":{"loc":{"start":{"line":19,"column":4},"end":{"line":30,"column":5}},"type":"if","locations":[{"start":{"line":19,"column":4},"end":{"line":30,"column":5}},{"start":{},"end":{}}],"line":19},"1":{"loc":{"start":{"line":41,"column":4},"end":{"line":41,"column":46}},"type":"if","locations":[{"start":{"line":41,"column":4},"end":{"line":41,"column":46}},{"start":{},"end":{}}],"line":41},"2":{"loc":{"start":{"line":51,"column":4},"end":{"line":53,"column":5}},"type":"if","locations":[{"start":{"line":51,"column":4},"end":{"line":53,"column":5}},{"start":{},"end":{}}],"line":51},"3":{"loc":{"start":{"line":51,"column":8},"end":{"line":51,"column":67}},"type":"binary-expr","locations":[{"start":{"line":51,"column":8},"end":{"line":51,"column":30}},{"start":{"line":51,"column":34},"end":{"line":51,"column":67}}],"line":51},"4":{"loc":{"start":{"line":66,"column":4},"end":{"line":68,"column":5}},"type":"if","locations":[{"start":{"line":66,"column":4},"end":{"line":68,"column":5}},{"start":{},"end":{}}],"line":66},"5":{"loc":{"start":{"line":66,"column":8},"end":{"line":66,"column":70}},"type":"binary-expr","locations":[{"start":{"line":66,"column":8},"end":{"line":66,"column":13}},{"start":{"line":66,"column":18},"end":{"line":66,"column":44}},{"start":{"line":66,"column":48},"end":{"line":66,"column":69}}],"line":66},"6":{"loc":{"start":{"line":88,"column":18},"end":{"line":88,"column":41}},"type":"binary-expr","locations":[{"start":{"line":88,"column":18},"end":{"line":88,"column":33}},{"start":{"line":88,"column":37},"end":{"line":88,"column":41}}],"line":88},"7":{"loc":{"start":{"line":89,"column":4},"end":{"line":91,"column":5}},"type":"if","locations":[{"start":{"line":89,"column":4},"end":{"line":91,"column":5}},{"start":{},"end":{}}],"line":89},"8":{"loc":{"start":{"line":89,"column":8},"end":{"line":89,"column":74}},"type":"binary-expr","locations":[{"start":{"line":89,"column":9},"end":{"line":89,"column":14}},{"start":{"line":89,"column":18},"end":{"line":89,"column":22}},{"start":{"line":89,"column":28},"end":{"line":89,"column":48}},{"start":{"line":89,"column":52},"end":{"line":89,"column":73}}],"line":89},"9":{"loc":{"start":{"line":105,"column":4},"end":{"line":105,"column":88}},"type":"if","locations":[{"start":{"line":105,"column":4},"end":{"line":105,"column":88}},{"start":{},"end":{}}],"line":105},"10":{"loc":{"start":{"line":107,"column":4},"end":{"line":128,"column":5}},"type":"if","locations":[{"start":{"line":107,"column":4},"end":{"line":128,"column":5}},{"start":{},"end":{}}],"line":107},"11":{"loc":{"start":{"line":121,"column":8},"end":{"line":125,"column":86}},"type":"if","locations":[{"start":{"line":121,"column":8},"end":{"line":125,"column":86}},{"start":{},"end":{}}],"line":121},"12":{"loc":{"start":{"line":121,"column":12},"end":{"line":123,"column":36}},"type":"binary-expr","locations":[{"start":{"line":121,"column":12},"end":{"line":121,"column":43}},{"start":{"line":122,"column":15},"end":{"line":122,"column":51}},{"start":{"line":123,"column":15},"end":{"line":123,"column":36}}],"line":121},"13":{"loc":{"start":{"line":139,"column":4},"end":{"line":139,"column":36}},"type":"if","locations":[{"start":{"line":139,"column":4},"end":{"line":139,"column":36}},{"start":{},"end":{}}],"line":139},"14":{"loc":{"start":{"line":141,"column":4},"end":{"line":145,"column":82}},"type":"if","locations":[{"start":{"line":141,"column":4},"end":{"line":145,"column":82}},{"start":{},"end":{}}],"line":141},"15":{"loc":{"start":{"line":141,"column":8},"end":{"line":143,"column":32}},"type":"binary-expr","locations":[{"start":{"line":141,"column":8},"end":{"line":141,"column":33}},{"start":{"line":142,"column":11},"end":{"line":142,"column":41}},{"start":{"line":143,"column":11},"end":{"line":143,"column":32}}],"line":141},"16":{"loc":{"start":{"line":147,"column":4},"end":{"line":149,"column":5}},"type":"if","locations":[{"start":{"line":147,"column":4},"end":{"line":149,"column":5}},{"start":{},"end":{}}],"line":147}},"s":{"0":6,"1":6,"2":6,"3":106,"4":106,"5":81,"6":81,"7":81,"8":81,"9":10,"10":106,"11":22,"12":17,"13":5,"14":9,"15":4,"16":5,"17":16,"18":16,"19":16,"20":10,"21":6,"22":13,"23":13,"24":13,"25":13,"26":1,"27":12,"28":12,"29":7,"30":5,"31":12,"32":12,"33":2,"34":10,"35":2,"36":2,"37":2,"38":0,"39":2,"40":2,"41":0,"42":2,"43":8,"44":8,"45":8,"46":8,"47":1,"48":7,"49":2,"50":5,"51":2,"52":3,"53":3,"54":6},"f":{"0":106,"1":22,"2":9,"3":16,"4":13,"5":12},"b":{"0":[81,25],"1":[17,5],"2":[4,5],"3":[9,7],"4":[10,6],"5":[16,11,7],"6":[12,0],"7":[7,5],"8":[12,12,8,5],"9":[2,10],"10":[2,8],"11":[0,2],"12":[2,1,0],"13":[2,5],"14":[2,3],"15":[5,2,2],"16":[3,0]},"_coverageSchema":"1a1c01bbd47fc00a2c39e90264f33305004495a9","hash":"fd1b4a12442ec9f9ac2e346ded36e7d36598194c"}
,"/home/lrw/personal-projects/plusone/backend/middleware/validation.js": {"path":"/home/lrw/personal-projects/plusone/backend/middleware/validation.js","statementMap":{"0":{"start":{"line":5,"column":12},"end":{"line":5,"column":26}},"1":{"start":{"line":6,"column":28},"end":{"line":6,"column":54}},"2":{"start":{"line":7,"column":15},"end":{"line":7,"column":32}},"3":{"start":{"line":18,"column":19},"end":{"line":26,"column":37}},"4":{"start":{"line":28,"column":17},"end":{"line":28,"column":25}},"5":{"start":{"line":29,"column":4},"end":{"line":29,"column":62}},"6":{"start":{"line":29,"column":26},"end":{"line":29,"column":62}},"7":{"start":{"line":30,"column":29},"end":{"line":30,"column":50}},"8":{"start":{"line":31,"column":4},"end":{"line":33,"column":33}},"9":{"start":{"line":31,"column":15},"end":{"line":31,"column":49}},"10":{"start":{"line":33,"column":9},"end":{"line":33,"column":33}},"11":{"start":{"line":35,"column":4},"end":{"line":35,"column":18}},"12":{"start":{"line":47,"column":19},"end":{"line":53,"column":37}},"13":{"start":{"line":55,"column":17},"end":{"line":55,"column":25}},"14":{"start":{"line":56,"column":4},"end":{"line":56,"column":62}},"15":{"start":{"line":56,"column":26},"end":{"line":56,"column":62}},"16":{"start":{"line":57,"column":29},"end":{"line":57,"column":50}},"17":{"start":{"line":58,"column":4},"end":{"line":60,"column":33}},"18":{"start":{"line":58,"column":15},"end":{"line":58,"column":49}},"19":{"start":{"line":60,"column":9},"end":{"line":60,"column":33}},"20":{"start":{"line":62,"column":4},"end":{"line":62,"column":18}},"21":{"start":{"line":72,"column":17},"end":{"line":72,"column":25}},"22":{"start":{"line":74,"column":19},"end":{"line":78,"column":64}},"23":{"start":{"line":80,"column":4},"end":{"line":80,"column":62}},"24":{"start":{"line":80,"column":26},"end":{"line":80,"column":62}},"25":{"start":{"line":81,"column":29},"end":{"line":81,"column":50}},"26":{"start":{"line":82,"column":4},"end":{"line":83,"column":33}},"27":{"start":{"line":82,"column":15},"end":{"line":82,"column":49}},"28":{"start":{"line":83,"column":9},"end":{"line":83,"column":33}},"29":{"start":{"line":84,"column":4},"end":{"line":84,"column":18}},"30":{"start":{"line":95,"column":19},"end":{"line":101,"column":37}},"31":{"start":{"line":103,"column":17},"end":{"line":103,"column":25}},"32":{"start":{"line":105,"column":27},"end":{"line":105,"column":48}},"33":{"start":{"line":106,"column":4},"end":{"line":107,"column":33}},"34":{"start":{"line":106,"column":15},"end":{"line":106,"column":49}},"35":{"start":{"line":107,"column":9},"end":{"line":107,"column":33}},"36":{"start":{"line":109,"column":4},"end":{"line":109,"column":18}},"37":{"start":{"line":118,"column":4},"end":{"line":118,"column":30}},"38":{"start":{"line":119,"column":16},"end":{"line":119,"column":30}},"39":{"start":{"line":120,"column":4},"end":{"line":120,"column":65}},"40":{"start":{"line":120,"column":16},"end":{"line":120,"column":65}},"41":{"start":{"line":122,"column":14},"end":{"line":122,"column":26}},"42":{"start":{"line":123,"column":21},"end":{"line":123,"column":37}},"43":{"start":{"line":125,"column":4},"end":{"line":125,"column":36}},"44":{"start":{"line":126,"column":4},"end":{"line":126,"column":73}},"45":{"start":{"line":126,"column":16},"end":{"line":126,"column":73}},"46":{"start":{"line":127,"column":4},"end":{"line":127,"column":49}},"47":{"start":{"line":128,"column":4},"end":{"line":128,"column":98}},"48":{"start":{"line":128,"column":16},"end":{"line":128,"column":98}},"49":{"start":{"line":130,"column":4},"end":{"line":130,"column":22}},"50":{"start":{"line":141,"column":19},"end":{"line":144,"column":37}},"51":{"start":{"line":146,"column":17},"end":{"line":146,"column":25}},"52":{"start":{"line":147,"column":29},"end":{"line":147,"column":50}},"53":{"start":{"line":148,"column":4},"end":{"line":150,"column":33}},"54":{"start":{"line":148,"column":15},"end":{"line":148,"column":49}},"55":{"start":{"line":150,"column":9},"end":{"line":150,"column":33}},"56":{"start":{"line":152,"column":4},"end":{"line":152,"column":18}},"57":{"start":{"line":163,"column":19},"end":{"line":167,"column":37}},"58":{"start":{"line":169,"column":17},"end":{"line":169,"column":25}},"59":{"start":{"line":170,"column":29},"end":{"line":170,"column":50}},"60":{"start":{"line":171,"column":4},"end":{"line":173,"column":33}},"61":{"start":{"line":171,"column":15},"end":{"line":171,"column":49}},"62":{"start":{"line":173,"column":9},"end":{"line":173,"column":33}},"63":{"start":{"line":175,"column":4},"end":{"line":175,"column":18}},"64":{"start":{"line":178,"column":0},"end":{"line":186,"column":2}}},"fnMap":{"0":{"name":"validateRegister","decl":{"start":{"line":16,"column":9},"end":{"line":16,"column":25}},"loc":{"start":{"line":16,"column":42},"end":{"line":36,"column":1}},"line":16},"1":{"name":"validateUserUpdate","decl":{"start":{"line":45,"column":9},"end":{"line":45,"column":27}},"loc":{"start":{"line":45,"column":44},"end":{"line":63,"column":1}},"line":45},"2":{"name":"validateLogin","decl":{"start":{"line":71,"column":9},"end":{"line":71,"column":22}},"loc":{"start":{"line":71,"column":39},"end":{"line":85,"column":1}},"line":71},"3":{"name":"validateEvent","decl":{"start":{"line":93,"column":9},"end":{"line":93,"column":22}},"loc":{"start":{"line":93,"column":39},"end":{"line":110,"column":1}},"line":93},"4":{"name":"validateEventDate","decl":{"start":{"line":117,"column":9},"end":{"line":117,"column":26}},"loc":{"start":{"line":117,"column":33},"end":{"line":131,"column":1}},"line":117},"5":{"name":"validateMatch","decl":{"start":{"line":139,"column":9},"end":{"line":139,"column":22}},"loc":{"start":{"line":139,"column":39},"end":{"line":153,"column":1}},"line":139},"6":{"name":"validateProfile","decl":{"start":{"line":161,"column":9},"end":{"line":161,"column":24}},"loc":{"start":{"line":161,"column":41},"end":{"line":176,"column":1}},"line":161}},"branchMap":{"0":{"loc":{"start":{"line":29,"column":4},"end":{"line":29,"column":62}},"type":"if","locations":[{"start":{"line":29,"column":4},"end":{"line":29,"column":62}},{"start":{},"end":{}}],"line":29},"1":{"loc":{"start":{"line":31,"column":4},"end":{"line":33,"column":33}},"type":"if","locations":[{"start":{"line":31,"column":4},"end":{"line":33,"column":33}},{"start":{"line":33,"column":9},"end":{"line":33,"column":33}}],"line":31},"2":{"loc":{"start":{"line":56,"column":4},"end":{"line":56,"column":62}},"type":"if","locations":[{"start":{"line":56,"column":4},"end":{"line":56,"column":62}},{"start":{},"end":{}}],"line":56},"3":{"loc":{"start":{"line":58,"column":4},"end":{"line":60,"column":33}},"type":"if","locations":[{"start":{"line":58,"column":4},"end":{"line":60,"column":33}},{"start":{"line":60,"column":9},"end":{"line":60,"column":33}}],"line":58},"4":{"loc":{"start":{"line":80,"column":4},"end":{"line":80,"column":62}},"type":"if","locations":[{"start":{"line":80,"column":4},"end":{"line":80,"column":62}},{"start":{},"end":{}}],"line":80},"5":{"loc":{"start":{"line":82,"column":4},"end":{"line":83,"column":33}},"type":"if","locations":[{"start":{"line":82,"column":4},"end":{"line":83,"column":33}},{"start":{"line":83,"column":9},"end":{"line":83,"column":33}}],"line":82},"6":{"loc":{"start":{"line":106,"column":4},"end":{"line":107,"column":33}},"type":"if","locations":[{"start":{"line":106,"column":4},"end":{"line":107,"column":33}},{"start":{"line":107,"column":9},"end":{"line":107,"column":33}}],"line":106},"7":{"loc":{"start":{"line":120,"column":4},"end":{"line":120,"column":65}},"type":"if","locations":[{"start":{"line":120,"column":4},"end":{"line":120,"column":65}},{"start":{},"end":{}}],"line":120},"8":{"loc":{"start":{"line":126,"column":4},"end":{"line":126,"column":73}},"type":"if","locations":[{"start":{"line":126,"column":4},"end":{"line":126,"column":73}},{"start":{},"end":{}}],"line":126},"9":{"loc":{"start":{"line":128,"column":4},"end":{"line":128,"column":98}},"type":"if","locations":[{"start":{"line":128,"column":4},"end":{"line":128,"column":98}},{"start":{},"end":{}}],"line":128},"10":{"loc":{"start":{"line":148,"column":4},"end":{"line":150,"column":33}},"type":"if","locations":[{"start":{"line":148,"column":4},"end":{"line":150,"column":33}},{"start":{"line":150,"column":9},"end":{"line":150,"column":33}}],"line":148},"11":{"loc":{"start":{"line":171,"column":4},"end":{"line":173,"column":33}},"type":"if","locations":[{"start":{"line":171,"column":4},"end":{"line":173,"column":33}},{"start":{"line":173,"column":9},"end":{"line":173,"column":33}}],"line":171}},"s":{"0":7,"1":7,"2":7,"3":7,"4":7,"5":7,"6":5,"7":7,"8":7,"9":3,"10":4,"11":7,"12":8,"13":8,"14":8,"15":2,"16":8,"17":8,"18":2,"19":6,"20":8,"21":9,"22":9,"23":9,"24":4,"25":9,"26":9,"27":2,"28":7,"29":9,"30":9,"31":9,"32":9,"33":9,"34":3,"35":6,"36":9,"37":7,"38":7,"39":7,"40":1,"41":6,"42":6,"43":6,"44":6,"45":1,"46":5,"47":5,"48":1,"49":4,"50":6,"51":6,"52":6,"53":6,"54":2,"55":4,"56":6,"57":8,"58":8,"59":8,"60":8,"61":3,"62":5,"63":8,"64":7},"f":{"0":7,"1":8,"2":9,"3":9,"4":7,"5":6,"6":8},"b":{"0":[5,2],"1":[3,4],"2":[2,6],"3":[2,6],"4":[4,5],"5":[2,7],"6":[3,6],"7":[1,6],"8":[1,5],"9":[1,4],"10":[2,4],"11":[3,5]},"_coverageSchema":"1a1c01bbd47fc00a2c39e90264f33305004495a9","hash":"7d1f2be855badb4c8cd874c2cad3cdeeb41c2928"}
,"/home/lrw/personal-projects/plusone/backend/models/event.js": {"path":"/home/lrw/personal-projects/plusone/backend/models/event.js","statementMap":{"0":{"start":{"line":3,"column":62},"end":{"line":3,"column":88}},"1":{"start":{"line":4,"column":30},"end":{"line":4,"column":65}},"2":{"start":{"line":5,"column":19},"end":{"line":5,"column":39}},"3":{"start":{"line":16,"column":70},"end":{"line":16,"column":74}},"4":{"start":{"line":18,"column":21},"end":{"line":18,"column":48}},"5":{"start":{"line":19,"column":26},"end":{"line":19,"column":36}},"6":{"start":{"line":20,"column":8},"end":{"line":33,"column":55}},"7":{"start":{"line":21,"column":26},"end":{"line":30,"column":14}},"8":{"start":{"line":32,"column":12},"end":{"line":32,"column":25}},"9":{"start":{"line":33,"column":24},"end":{"line":33,"column":53}},"10":{"start":{"line":44,"column":20},"end":{"line":44,"column":24}},"11":{"start":{"line":45,"column":8},"end":{"line":49,"column":70}},"12":{"start":{"line":46,"column":12},"end":{"line":48,"column":15}},"13":{"start":{"line":49,"column":24},"end":{"line":49,"column":68}},"14":{"start":{"line":51,"column":8},"end":{"line":70,"column":59}},"15":{"start":{"line":52,"column":23},"end":{"line":52,"column":25}},"16":{"start":{"line":53,"column":25},"end":{"line":53,"column":30}},"17":{"start":{"line":54,"column":12},"end":{"line":58,"column":17}},"18":{"start":{"line":55,"column":16},"end":{"line":58,"column":17}},"19":{"start":{"line":56,"column":20},"end":{"line":56,"column":42}},"20":{"start":{"line":57,"column":20},"end":{"line":57,"column":34}},"21":{"start":{"line":59,"column":12},"end":{"line":62,"column":13}},"22":{"start":{"line":61,"column":16},"end":{"line":61,"column":44}},"23":{"start":{"line":64,"column":12},"end":{"line":69,"column":13}},"24":{"start":{"line":65,"column":16},"end":{"line":68,"column":19}},"25":{"start":{"line":70,"column":24},"end":{"line":70,"column":57}},"26":{"start":{"line":72,"column":8},"end":{"line":72,"column":21}},"27":{"start":{"line":77,"column":0},"end":{"line":77,"column":23}}},"fnMap":{"0":{"name":"(anonymous_0)","decl":{"start":{"line":15,"column":4},"end":{"line":15,"column":5}},"loc":{"start":{"line":15,"column":30},"end":{"line":34,"column":5}},"line":15},"1":{"name":"(anonymous_1)","decl":{"start":{"line":43,"column":4},"end":{"line":43,"column":5}},"loc":{"start":{"line":43,"column":33},"end":{"line":73,"column":5}},"line":43}},"branchMap":{"0":{"loc":{"start":{"line":55,"column":16},"end":{"line":58,"column":17}},"type":"if","locations":[{"start":{"line":55,"column":16},"end":{"line":58,"column":17}},{"start":{},"end":{}}],"line":55},"1":{"loc":{"start":{"line":55,"column":20},"end":{"line":55,"column":51}},"type":"binary-expr","locations":[{"start":{"line":55,"column":20},"end":{"line":55,"column":29}},{"start":{"line":55,"column":33},"end":{"line":55,"column":51}}],"line":55},"2":{"loc":{"start":{"line":59,"column":12},"end":{"line":62,"column":13}},"type":"if","locations":[{"start":{"line":59,"column":12},"end":{"line":62,"column":13}},{"start":{},"end":{}}],"line":59},"3":{"loc":{"start":{"line":59,"column":16},"end":{"line":60,"column":68}},"type":"binary-expr","locations":[{"start":{"line":59,"column":17},"end":{"line":59,"column":38}},{"start":{"line":59,"column":42},"end":{"line":59,"column":64}},{"start":{"line":60,"column":20},"end":{"line":60,"column":41}},{"start":{"line":60,"column":45},"end":{"line":60,"column":67}}],"line":59},"4":{"loc":{"start":{"line":64,"column":12},"end":{"line":69,"column":13}},"type":"if","locations":[{"start":{"line":64,"column":12},"end":{"line":69,"column":13}},{"start":{},"end":{}}],"line":64}},"s":{"0":6,"1":6,"2":6,"3":3,"4":3,"5":3,"6":3,"7":3,"8":3,"9":0,"10":3,"11":3,"12":3,"13":0,"14":3,"15":3,"16":3,"17":3,"18":12,"19":5,"20":5,"21":3,"22":3,"23":3,"24":3,"25":0,"26":3,"27":6},"f":{"0":3,"1":3},"b":{"0":[5,7],"1":[12,7],"2":[3,0],"3":[3,0,3,3],"4":[3,0]},"_coverageSchema":"1a1c01bbd47fc00a2c39e90264f33305004495a9","hash":"907820f8e96e3c4fe7e5e0387487783fd30bbfe8"}
,"/home/lrw/personal-projects/plusone/backend/models/match.js": {"path":"/home/lrw/personal-projects/plusone/backend/models/match.js","statementMap":{"0":{"start":{"line":3,"column":62},"end":{"line":3,"column":88}},"1":{"start":{"line":4,"column":19},"end":{"line":4,"column":39}},"2":{"start":{"line":5,"column":20},"end":{"line":5,"column":48}},"3":{"start":{"line":19,"column":40},"end":{"line":19,"column":44}},"4":{"start":{"line":20,"column":27},"end":{"line":20,"column":31}},"5":{"start":{"line":22,"column":8},"end":{"line":26,"column":91}},"6":{"start":{"line":23,"column":12},"end":{"line":25,"column":15}},"7":{"start":{"line":26,"column":24},"end":{"line":26,"column":89}},"8":{"start":{"line":28,"column":8},"end":{"line":34,"column":9}},"9":{"start":{"line":29,"column":12},"end":{"line":31,"column":15}},"10":{"start":{"line":33,"column":12},"end":{"line":33,"column":69}},"11":{"start":{"line":37,"column":8},"end":{"line":38,"column":49}},"12":{"start":{"line":37,"column":45},"end":{"line":38,"column":49}},"13":{"start":{"line":40,"column":8},"end":{"line":51,"column":59}},"14":{"start":{"line":41,"column":24},"end":{"line":44,"column":14}},"15":{"start":{"line":46,"column":12},"end":{"line":46,"column":62}},"16":{"start":{"line":47,"column":12},"end":{"line":47,"column":72}},"17":{"start":{"line":48,"column":12},"end":{"line":48,"column":62}},"18":{"start":{"line":50,"column":12},"end":{"line":50,"column":25}},"19":{"start":{"line":51,"column":24},"end":{"line":51,"column":57}},"20":{"start":{"line":61,"column":8},"end":{"line":63,"column":9}},"21":{"start":{"line":62,"column":12},"end":{"line":62,"column":70}},"22":{"start":{"line":64,"column":8},"end":{"line":64,"column":33}},"23":{"start":{"line":65,"column":8},"end":{"line":65,"column":41}},"24":{"start":{"line":66,"column":22},"end":{"line":92,"column":10}},"25":{"start":{"line":94,"column":8},"end":{"line":94,"column":23}},"26":{"start":{"line":95,"column":19},"end":{"line":95,"column":52}},"27":{"start":{"line":101,"column":0},"end":{"line":101,"column":23}}},"fnMap":{"0":{"name":"(anonymous_0)","decl":{"start":{"line":18,"column":4},"end":{"line":18,"column":5}},"loc":{"start":{"line":18,"column":30},"end":{"line":52,"column":5}},"line":18},"1":{"name":"(anonymous_1)","decl":{"start":{"line":60,"column":4},"end":{"line":60,"column":5}},"loc":{"start":{"line":60,"column":44},"end":{"line":95,"column":5}},"line":60},"2":{"name":"(anonymous_2)","decl":{"start":{"line":95,"column":6},"end":{"line":95,"column":7}},"loc":{"start":{"line":95,"column":17},"end":{"line":95,"column":54}},"line":95}},"branchMap":{"0":{"loc":{"start":{"line":26,"column":52},"end":{"line":26,"column":73}},"type":"binary-expr","locations":[{"start":{"line":26,"column":52},"end":{"line":26,"column":62}},{"start":{"line":26,"column":66},"end":{"line":26,"column":73}}],"line":26},"1":{"loc":{"start":{"line":37,"column":8},"end":{"line":38,"column":49}},"type":"if","locations":[{"start":{"line":37,"column":8},"end":{"line":38,"column":49}},{"start":{},"end":{}}],"line":37},"2":{"loc":{"start":{"line":60,"column":24},"end":{"line":60,"column":31}},"type":"default-arg","locations":[{"start":{"line":60,"column":30},"end":{"line":60,"column":31}}],"line":60},"3":{"loc":{"start":{"line":60,"column":33},"end":{"line":60,"column":42}},"type":"default-arg","locations":[{"start":{"line":60,"column":39},"end":{"line":60,"column":42}}],"line":60},"4":{"loc":{"start":{"line":61,"column":8},"end":{"line":63,"column":9}},"type":"if","locations":[{"start":{"line":61,"column":8},"end":{"line":63,"column":9}},{"start":{},"end":{}}],"line":61},"5":{"loc":{"start":{"line":61,"column":12},"end":{"line":61,"column":60}},"type":"binary-expr","locations":[{"start":{"line":61,"column":12},"end":{"line":61,"column":34}},{"start":{"line":61,"column":38},"end":{"line":61,"column":60}}],"line":61},"6":{"loc":{"start":{"line":64,"column":14},"end":{"line":64,"column":32}},"type":"cond-expr","locations":[{"start":{"line":64,"column":25},"end":{"line":64,"column":28}},{"start":{"line":64,"column":31},"end":{"line":64,"column":32}}],"line":64},"7":{"loc":{"start":{"line":65,"column":14},"end":{"line":65,"column":40}},"type":"cond-expr","locations":[{"start":{"line":65,"column":25},"end":{"line":65,"column":34}},{"start":{"line":65,"column":37},"end":{"line":65,"column":40}}],"line":65}},"s":{"0":6,"1":6,"2":6,"3":7,"4":7,"5":7,"6":7,"7":1,"8":6,"9":6,"10":1,"11":5,"12":1,"13":4,"14":4,"15":4,"16":4,"17":4,"18":4,"19":0,"20":10,"21":2,"22":8,"23":8,"24":8,"25":8,"26":0,"27":6},"f":{"0":7,"1":10,"2":0},"b":{"0":[1,0],"1":[1,4],"2":[3],"3":[4],"4":[2,8],"5":[10,9],"6":[8,0],"7":[8,0]},"_coverageSchema":"1a1c01bbd47fc00a2c39e90264f33305004495a9","hash":"3c6ca97cef7c83856380061c9959a793bd3cb360"}
,"/home/lrw/personal-projects/plusone/backend/models/user.js": {"path":"/home/lrw/personal-projects/plusone/backend/models/user.js","statementMap":{"0":{"start":{"line":3,"column":15},"end":{"line":3,"column":32}},"1":{"start":{"line":4,"column":96},"end":{"line":4,"column":122}},"2":{"start":{"line":5,"column":19},"end":{"line":5,"column":39}},"3":{"start":{"line":6,"column":43},"end":{"line":6,"column":63}},"4":{"start":{"line":7,"column":12},"end":{"line":7,"column":35}},"5":{"start":{"line":24,"column":46},"end":{"line":24,"column":50}},"6":{"start":{"line":25,"column":22},"end":{"line":25,"column":67}},"7":{"start":{"line":26,"column":8},"end":{"line":26,"column":69}},"8":{"start":{"line":26,"column":20},"end":{"line":26,"column":69}},"9":{"start":{"line":28,"column":8},"end":{"line":34,"column":75}},"10":{"start":{"line":29,"column":33},"end":{"line":29,"column":83}},"11":{"start":{"line":30,"column":12},"end":{"line":33,"column":15}},"12":{"start":{"line":34,"column":24},"end":{"line":34,"column":73}},"13":{"start":{"line":36,"column":8},"end":{"line":36,"column":29}},"14":{"start":{"line":37,"column":8},"end":{"line":37,"column":20}},"15":{"start":{"line":48,"column":19},"end":{"line":48,"column":23}},"16":{"start":{"line":49,"column":49},"end":{"line":49,"column":53}},"17":{"start":{"line":51,"column":8},"end":{"line":55,"column":69}},"18":{"start":{"line":52,"column":12},"end":{"line":54,"column":15}},"19":{"start":{"line":55,"column":24},"end":{"line":55,"column":67}},"20":{"start":{"line":57,"column":8},"end":{"line":61,"column":36}},"21":{"start":{"line":58,"column":12},"end":{"line":60,"column":13}},"22":{"start":{"line":59,"column":16},"end":{"line":59,"column":82}},"23":{"start":{"line":61,"column":24},"end":{"line":61,"column":34}},"24":{"start":{"line":63,"column":8},"end":{"line":78,"column":59}},"25":{"start":{"line":64,"column":23},"end":{"line":64,"column":25}},"26":{"start":{"line":65,"column":25},"end":{"line":65,"column":30}},"27":{"start":{"line":66,"column":12},"end":{"line":71,"column":13}},"28":{"start":{"line":67,"column":16},"end":{"line":70,"column":17}},"29":{"start":{"line":68,"column":20},"end":{"line":68,"column":42}},"30":{"start":{"line":69,"column":20},"end":{"line":69,"column":34}},"31":{"start":{"line":72,"column":12},"end":{"line":77,"column":13}},"32":{"start":{"line":73,"column":16},"end":{"line":76,"column":19}},"33":{"start":{"line":78,"column":24},"end":{"line":78,"column":57}},"34":{"start":{"line":80,"column":8},"end":{"line":80,"column":20}},"35":{"start":{"line":94,"column":19},"end":{"line":94,"column":23}},"36":{"start":{"line":95,"column":19},"end":{"line":95,"column":23}},"37":{"start":{"line":97,"column":8},"end":{"line":116,"column":9}},"38":{"start":{"line":98,"column":12},"end":{"line":98,"column":27}},"39":{"start":{"line":99,"column":12},"end":{"line":105,"column":13}},"40":{"start":{"line":100,"column":16},"end":{"line":102,"column":19}},"41":{"start":{"line":104,"column":16},"end":{"line":104,"column":79}},"42":{"start":{"line":108,"column":12},"end":{"line":108,"column":27}},"43":{"start":{"line":109,"column":12},"end":{"line":115,"column":13}},"44":{"start":{"line":110,"column":16},"end":{"line":112,"column":19}},"45":{"start":{"line":114,"column":16},"end":{"line":114,"column":86}},"46":{"start":{"line":118,"column":8},"end":{"line":124,"column":9}},"47":{"start":{"line":119,"column":26},"end":{"line":119,"column":76}},"48":{"start":{"line":120,"column":12},"end":{"line":123,"column":13}},"49":{"start":{"line":121,"column":16},"end":{"line":121,"column":37}},"50":{"start":{"line":122,"column":16},"end":{"line":122,"column":28}},"51":{"start":{"line":125,"column":8},"end":{"line":125,"column":70}},"52":{"start":{"line":136,"column":31},"end":{"line":143,"column":10}},"53":{"start":{"line":145,"column":8},"end":{"line":146,"column":77}},"54":{"start":{"line":145,"column":35},"end":{"line":146,"column":77}},"55":{"start":{"line":148,"column":31},"end":{"line":148,"column":87}},"56":{"start":{"line":149,"column":8},"end":{"line":163,"column":55}},"57":{"start":{"line":150,"column":25},"end":{"line":159,"column":14}},"58":{"start":{"line":161,"column":12},"end":{"line":161,"column":33}},"59":{"start":{"line":162,"column":12},"end":{"line":162,"column":24}},"60":{"start":{"line":163,"column":24},"end":{"line":163,"column":53}},"61":{"start":{"line":174,"column":44},"end":{"line":174,"column":48}},"62":{"start":{"line":175,"column":31},"end":{"line":177,"column":10}},"63":{"start":{"line":179,"column":8},"end":{"line":180,"column":71}},"64":{"start":{"line":179,"column":28},"end":{"line":180,"column":71}},"65":{"start":{"line":181,"column":8},"end":{"line":204,"column":55}},"66":{"start":{"line":183,"column":28},"end":{"line":201,"column":14}},"67":{"start":{"line":203,"column":12},"end":{"line":203,"column":27}},"68":{"start":{"line":204,"column":24},"end":{"line":204,"column":53}},"69":{"start":{"line":215,"column":22},"end":{"line":215,"column":26}},"70":{"start":{"line":216,"column":26},"end":{"line":216,"column":30}},"71":{"start":{"line":217,"column":8},"end":{"line":221,"column":77}},"72":{"start":{"line":218,"column":12},"end":{"line":220,"column":15}},"73":{"start":{"line":221,"column":24},"end":{"line":221,"column":75}},"74":{"start":{"line":223,"column":21},"end":{"line":223,"column":74}},"75":{"start":{"line":225,"column":8},"end":{"line":241,"column":59}},"76":{"start":{"line":226,"column":12},"end":{"line":240,"column":15}},"77":{"start":{"line":241,"column":24},"end":{"line":241,"column":57}},"78":{"start":{"line":243,"column":8},"end":{"line":243,"column":23}},"79":{"start":{"line":249,"column":8},"end":{"line":250,"column":65}},"80":{"start":{"line":252,"column":22},"end":{"line":256,"column":9}},"81":{"start":{"line":258,"column":8},"end":{"line":258,"column":45}},"82":{"start":{"line":263,"column":0},"end":{"line":263,"column":22}}},"fnMap":{"0":{"name":"(anonymous_0)","decl":{"start":{"line":23,"column":4},"end":{"line":23,"column":5}},"loc":{"start":{"line":23,"column":38},"end":{"line":38,"column":5}},"line":23},"1":{"name":"(anonymous_1)","decl":{"start":{"line":47,"column":4},"end":{"line":47,"column":5}},"loc":{"start":{"line":47,"column":29},"end":{"line":81,"column":5}},"line":47},"2":{"name":"(anonymous_2)","decl":{"start":{"line":93,"column":4},"end":{"line":93,"column":5}},"loc":{"start":{"line":93,"column":54},"end":{"line":126,"column":5}},"line":93},"3":{"name":"(anonymous_3)","decl":{"start":{"line":135,"column":4},"end":{"line":135,"column":5}},"loc":{"start":{"line":135,"column":36},"end":{"line":164,"column":5}},"line":135},"4":{"name":"(anonymous_4)","decl":{"start":{"line":173,"column":4},"end":{"line":173,"column":5}},"loc":{"start":{"line":173,"column":37},"end":{"line":205,"column":5}},"line":173},"5":{"name":"(anonymous_5)","decl":{"start":{"line":214,"column":4},"end":{"line":214,"column":5}},"loc":{"start":{"line":214,"column":36},"end":{"line":244,"column":5}},"line":214},"6":{"name":"(anonymous_6)","decl":{"start":{"line":248,"column":4},"end":{"line":248,"column":5}},"loc":{"start":{"line":248,"column":29},"end":{"line":259,"column":5}},"line":248}},"branchMap":{"0":{"loc":{"start":{"line":26,"column":8},"end":{"line":26,"column":69}},"type":"if","locations":[{"start":{"line":26,"column":8},"end":{"line":26,"column":69}},{"start":{},"end":{}}],"line":26},"1":{"loc":{"start":{"line":58,"column":12},"end":{"line":60,"column":13}},"type":"if","locations":[{"start":{"line":58,"column":12},"end":{"line":60,"column":13}},{"start":{},"end":{}}],"line":58},"2":{"loc":{"start":{"line":67,"column":16},"end":{"line":70,"column":17}},"type":"if","locations":[{"start":{"line":67,"column":16},"end":{"line":70,"column":17}},{"start":{},"end":{}}],"line":67},"3":{"loc":{"start":{"line":67,"column":20},"end":{"line":67,"column":51}},"type":"binary-expr","locations":[{"start":{"line":67,"column":20},"end":{"line":67,"column":29}},{"start":{"line":67,"column":33},"end":{"line":67,"column":51}}],"line":67},"4":{"loc":{"start":{"line":72,"column":12},"end":{"line":77,"column":13}},"type":"if","locations":[{"start":{"line":72,"column":12},"end":{"line":77,"column":13}},{"start":{},"end":{}}],"line":72},"5":{"loc":{"start":{"line":97,"column":8},"end":{"line":116,"column":9}},"type":"if","locations":[{"start":{"line":97,"column":8},"end":{"line":116,"column":9}},{"start":{"line":107,"column":15},"end":{"line":116,"column":9}}],"line":97},"6":{"loc":{"start":{"line":118,"column":8},"end":{"line":124,"column":9}},"type":"if","locations":[{"start":{"line":118,"column":8},"end":{"line":124,"column":9}},{"start":{},"end":{}}],"line":118},"7":{"loc":{"start":{"line":120,"column":12},"end":{"line":123,"column":13}},"type":"if","locations":[{"start":{"line":120,"column":12},"end":{"line":123,"column":13}},{"start":{},"end":{}}],"line":120},"8":{"loc":{"start":{"line":145,"column":8},"end":{"line":146,"column":77}},"type":"if","locations":[{"start":{"line":145,"column":8},"end":{"line":146,"column":77}},{"start":{},"end":{}}],"line":145},"9":{"loc":{"start":{"line":179,"column":8},"end":{"line":180,"column":71}},"type":"if","locations":[{"start":{"line":179,"column":8},"end":{"line":180,"column":71}},{"start":{},"end":{}}],"line":179},"10":{"loc":{"start":{"line":254,"column":25},"end":{"line":254,"column":49}},"type":"binary-expr","locations":[{"start":{"line":254,"column":25},"end":{"line":254,"column":41}},{"start":{"line":254,"column":45},"end":{"line":254,"column":49}}],"line":254},"11":{"loc":{"start":{"line":255,"column":21},"end":{"line":255,"column":42}},"type":"binary-expr","locations":[{"start":{"line":255,"column":21},"end":{"line":255,"column":33}},{"start":{"line":255,"column":37},"end":{"line":255,"column":42}}],"line":255}},"s":{"0":12,"1":12,"2":12,"3":12,"4":12,"5":3,"6":3,"7":3,"8":0,"9":3,"10":3,"11":3,"12":0,"13":3,"14":3,"15":8,"16":8,"17":8,"18":8,"19":1,"20":7,"21":7,"22":2,"23":0,"24":7,"25":7,"26":7,"27":7,"28":21,"29":6,"30":6,"31":7,"32":6,"33":0,"34":7,"35":10,"36":10,"37":10,"38":4,"39":4,"40":4,"41":2,"42":6,"43":6,"44":6,"45":2,"46":6,"47":6,"48":6,"49":4,"50":4,"51":2,"52":4,"53":4,"54":1,"55":3,"56":3,"57":3,"58":3,"59":3,"60":0,"61":6,"62":6,"63":6,"64":0,"65":6,"66":6,"67":6,"68":0,"69":4,"70":4,"71":4,"72":4,"73":1,"74":3,"75":3,"76":3,"77":0,"78":3,"79":114,"80":114,"81":114,"82":12},"f":{"0":3,"1":8,"2":10,"3":4,"4":6,"5":4,"6":114},"b":{"0":[0,3],"1":[2,5],"2":[6,15],"3":[21,16],"4":[6,1],"5":[4,6],"6":[6,0],"7":[4,2],"8":[1,3],"9":[0,6],"10":[114,108],"11":[114,77]},"_coverageSchema":"1a1c01bbd47fc00a2c39e90264f33305004495a9","hash":"766aef54736aeb8ae917d37e771561d57563f2ef"}
,"/home/lrw/personal-projects/plusone/backend/routes/auth.js": {"path":"/home/lrw/personal-projects/plusone/backend/routes/auth.js","statementMap":{"0":{"start":{"line":5,"column":16},"end":{"line":5,"column":34}},"1":{"start":{"line":6,"column":15},"end":{"line":6,"column":35}},"2":{"start":{"line":7,"column":13},"end":{"line":7,"column":38}},"3":{"start":{"line":8,"column":28},"end":{"line":8,"column":54}},"4":{"start":{"line":9,"column":44},"end":{"line":9,"column":79}},"5":{"start":{"line":23,"column":0},"end":{"line":39,"column":3}},"6":{"start":{"line":24,"column":4},"end":{"line":25,"column":83}},"7":{"start":{"line":24,"column":27},"end":{"line":25,"column":83}},"8":{"start":{"line":25,"column":46},"end":{"line":25,"column":78}},"9":{"start":{"line":27,"column":21},"end":{"line":27,"column":38}},"10":{"start":{"line":28,"column":20},"end":{"line":28,"column":74}},"11":{"start":{"line":29,"column":4},"end":{"line":29,"column":106}},"12":{"start":{"line":29,"column":18},"end":{"line":29,"column":106}},"13":{"start":{"line":31,"column":4},"end":{"line":38,"column":5}},"14":{"start":{"line":32,"column":21},"end":{"line":32,"column":63}},"15":{"start":{"line":33,"column":22},"end":{"line":33,"column":44}},"16":{"start":{"line":34,"column":8},"end":{"line":34,"column":35}},"17":{"start":{"line":36,"column":8},"end":{"line":36,"column":25}},"18":{"start":{"line":37,"column":8},"end":{"line":37,"column":69}},"19":{"start":{"line":54,"column":0},"end":{"line":65,"column":3}},"20":{"start":{"line":55,"column":4},"end":{"line":56,"column":83}},"21":{"start":{"line":55,"column":27},"end":{"line":56,"column":83}},"22":{"start":{"line":56,"column":46},"end":{"line":56,"column":78}},"23":{"start":{"line":58,"column":4},"end":{"line":64,"column":5}},"24":{"start":{"line":59,"column":24},"end":{"line":59,"column":60}},"25":{"start":{"line":60,"column":22},"end":{"line":60,"column":47}},"26":{"start":{"line":61,"column":8},"end":{"line":61,"column":47}},"27":{"start":{"line":63,"column":8},"end":{"line":63,"column":69}},"28":{"start":{"line":68,"column":0},"end":{"line":68,"column":24}}},"fnMap":{"0":{"name":"(anonymous_0)","decl":{"start":{"line":23,"column":37},"end":{"line":23,"column":38}},"loc":{"start":{"line":23,"column":69},"end":{"line":39,"column":1}},"line":23},"1":{"name":"(anonymous_1)","decl":{"start":{"line":25,"column":39},"end":{"line":25,"column":40}},"loc":{"start":{"line":25,"column":46},"end":{"line":25,"column":78}},"line":25},"2":{"name":"(anonymous_2)","decl":{"start":{"line":54,"column":43},"end":{"line":54,"column":44}},"loc":{"start":{"line":54,"column":75},"end":{"line":65,"column":1}},"line":54},"3":{"name":"(anonymous_3)","decl":{"start":{"line":56,"column":39},"end":{"line":56,"column":40}},"loc":{"start":{"line":56,"column":46},"end":{"line":56,"column":78}},"line":56}},"branchMap":{"0":{"loc":{"start":{"line":24,"column":4},"end":{"line":25,"column":83}},"type":"if","locations":[{"start":{"line":24,"column":4},"end":{"line":25,"column":83}},{"start":{},"end":{}}],"line":24},"1":{"loc":{"start":{"line":28,"column":20},"end":{"line":28,"column":74}},"type":"cond-expr","locations":[{"start":{"line":28,"column":37},"end":{"line":28,"column":51}},{"start":{"line":28,"column":54},"end":{"line":28,"column":74}}],"line":28},"2":{"loc":{"start":{"line":29,"column":4},"end":{"line":29,"column":106}},"type":"if","locations":[{"start":{"line":29,"column":4},"end":{"line":29,"column":106}},{"start":{},"end":{}}],"line":29},"3":{"loc":{"start":{"line":55,"column":4},"end":{"line":56,"column":83}},"type":"if","locations":[{"start":{"line":55,"column":4},"end":{"line":56,"column":83}},{"start":{},"end":{}}],"line":55}},"s":{"0":5,"1":5,"2":5,"3":5,"4":5,"5":5,"6":5,"7":0,"8":0,"9":5,"10":5,"11":5,"12":0,"13":5,"14":5,"15":2,"16":2,"17":3,"18":3,"19":5,"20":2,"21":0,"22":0,"23":2,"24":2,"25":1,"26":1,"27":1,"28":5},"f":{"0":5,"1":0,"2":2,"3":0},"b":{"0":[0,5],"1":[2,3],"2":[0,5],"3":[0,2]},"_coverageSchema":"1a1c01bbd47fc00a2c39e90264f33305004495a9","hash":"23f6f5bfa9c618d25e03341ce75d4cf46e2005be"}
,"/home/lrw/personal-projects/plusone/backend/routes/events.js": {"path":"/home/lrw/personal-projects/plusone/backend/routes/events.js","statementMap":{"0":{"start":{"line":5,"column":16},"end":{"line":5,"column":34}},"1":{"start":{"line":10,"column":4},"end":{"line":10,"column":33}},"2":{"start":{"line":11,"column":26},"end":{"line":11,"column":61}},"3":{"start":{"line":12,"column":19},"end":{"line":12,"column":39}},"4":{"start":{"line":13,"column":36},"end":{"line":13,"column":64}},"5":{"start":{"line":14,"column":14},"end":{"line":14,"column":40}},"6":{"start":{"line":16,"column":15},"end":{"line":16,"column":31}},"7":{"start":{"line":29,"column":0},"end":{"line":41,"column":3}},"8":{"start":{"line":30,"column":4},"end":{"line":31,"column":83}},"9":{"start":{"line":30,"column":27},"end":{"line":31,"column":83}},"10":{"start":{"line":31,"column":46},"end":{"line":31,"column":78}},"11":{"start":{"line":33,"column":4},"end":{"line":40,"column":5}},"12":{"start":{"line":34,"column":22},"end":{"line":34,"column":87}},"13":{"start":{"line":36,"column":8},"end":{"line":36,"column":47}},"14":{"start":{"line":38,"column":8},"end":{"line":38,"column":25}},"15":{"start":{"line":39,"column":8},"end":{"line":39,"column":69}},"16":{"start":{"line":51,"column":0},"end":{"line":61,"column":3}},"17":{"start":{"line":52,"column":16},"end":{"line":52,"column":58}},"18":{"start":{"line":53,"column":16},"end":{"line":53,"column":72}},"19":{"start":{"line":54,"column":17},"end":{"line":57,"column":6}},"20":{"start":{"line":58,"column":4},"end":{"line":58,"column":74}},"21":{"start":{"line":58,"column":24},"end":{"line":58,"column":74}},"22":{"start":{"line":59,"column":4},"end":{"line":59,"column":51}},"23":{"start":{"line":60,"column":4},"end":{"line":60,"column":32}},"24":{"start":{"line":71,"column":0},"end":{"line":79,"column":3}},"25":{"start":{"line":72,"column":4},"end":{"line":78,"column":83}},"26":{"start":{"line":73,"column":20},"end":{"line":75,"column":10}},"27":{"start":{"line":76,"column":8},"end":{"line":76,"column":46}},"28":{"start":{"line":77,"column":8},"end":{"line":77,"column":35}},"29":{"start":{"line":78,"column":20},"end":{"line":78,"column":81}},"30":{"start":{"line":91,"column":0},"end":{"line":101,"column":7}},"31":{"start":{"line":93,"column":8},"end":{"line":94,"column":87}},"32":{"start":{"line":93,"column":31},"end":{"line":94,"column":87}},"33":{"start":{"line":94,"column":50},"end":{"line":94,"column":82}},"34":{"start":{"line":96,"column":8},"end":{"line":100,"column":87}},"35":{"start":{"line":97,"column":24},"end":{"line":97,"column":66}},"36":{"start":{"line":98,"column":12},"end":{"line":98,"column":50}},"37":{"start":{"line":99,"column":12},"end":{"line":99,"column":39}},"38":{"start":{"line":100,"column":24},"end":{"line":100,"column":85}},"39":{"start":{"line":110,"column":0},"end":{"line":119,"column":3}},"40":{"start":{"line":111,"column":4},"end":{"line":113,"column":88}},"41":{"start":{"line":112,"column":8},"end":{"line":112,"column":79}},"42":{"start":{"line":113,"column":20},"end":{"line":113,"column":86}},"43":{"start":{"line":115,"column":4},"end":{"line":118,"column":90}},"44":{"start":{"line":116,"column":8},"end":{"line":116,"column":68}},"45":{"start":{"line":117,"column":8},"end":{"line":117,"column":52}},"46":{"start":{"line":118,"column":20},"end":{"line":118,"column":88}},"47":{"start":{"line":121,"column":0},"end":{"line":121,"column":24}}},"fnMap":{"0":{"name":"(anonymous_0)","decl":{"start":{"line":29,"column":65},"end":{"line":29,"column":66}},"loc":{"start":{"line":29,"column":97},"end":{"line":41,"column":1}},"line":29},"1":{"name":"(anonymous_1)","decl":{"start":{"line":31,"column":39},"end":{"line":31,"column":40}},"loc":{"start":{"line":31,"column":46},"end":{"line":31,"column":78}},"line":31},"2":{"name":"(anonymous_2)","decl":{"start":{"line":51,"column":49},"end":{"line":51,"column":50}},"loc":{"start":{"line":51,"column":81},"end":{"line":61,"column":1}},"line":51},"3":{"name":"(anonymous_3)","decl":{"start":{"line":71,"column":35},"end":{"line":71,"column":36}},"loc":{"start":{"line":71,"column":67},"end":{"line":79,"column":1}},"line":71},"4":{"name":"(anonymous_4)","decl":{"start":{"line":92,"column":4},"end":{"line":92,"column":5}},"loc":{"start":{"line":92,"column":36},"end":{"line":101,"column":5}},"line":92},"5":{"name":"(anonymous_5)","decl":{"start":{"line":94,"column":43},"end":{"line":94,"column":44}},"loc":{"start":{"line":94,"column":50},"end":{"line":94,"column":82}},"line":94},"6":{"name":"(anonymous_6)","decl":{"start":{"line":110,"column":54},"end":{"line":110,"column":55}},"loc":{"start":{"line":110,"column":86},"end":{"line":119,"column":1}},"line":110}},"branchMap":{"0":{"loc":{"start":{"line":30,"column":4},"end":{"line":31,"column":83}},"type":"if","locations":[{"start":{"line":30,"column":4},"end":{"line":31,"column":83}},{"start":{},"end":{}}],"line":30},"1":{"loc":{"start":{"line":52,"column":16},"end":{"line":52,"column":58}},"type":"cond-expr","locations":[{"start":{"line":52,"column":33},"end":{"line":52,"column":54}},{"start":{"line":52,"column":57},"end":{"line":52,"column":58}}],"line":52},"2":{"loc":{"start":{"line":53,"column":16},"end":{"line":53,"column":72}},"type":"cond-expr","locations":[{"start":{"line":53,"column":33},"end":{"line":53,"column":60}},{"start":{"line":53,"column":63},"end":{"line":53,"column":72}}],"line":53},"3":{"loc":{"start":{"line":58,"column":4},"end":{"line":58,"column":74}},"type":"if","locations":[{"start":{"line":58,"column":4},"end":{"line":58,"column":74}},{"start":{},"end":{}}],"line":58},"4":{"loc":{"start":{"line":93,"column":8},"end":{"line":94,"column":87}},"type":"if","locations":[{"start":{"line":93,"column":8},"end":{"line":94,"column":87}},{"start":{},"end":{}}],"line":93}},"s":{"0":5,"1":5,"2":5,"3":5,"4":5,"5":5,"6":5,"7":5,"8":3,"9":1,"10":5,"11":2,"12":2,"13":2,"14":0,"15":0,"16":5,"17":2,"18":2,"19":2,"20":2,"21":0,"22":2,"23":2,"24":5,"25":3,"26":3,"27":3,"28":3,"29":0,"30":5,"31":3,"32":1,"33":5,"34":2,"35":2,"36":2,"37":2,"38":0,"39":5,"40":2,"41":2,"42":0,"43":2,"44":2,"45":2,"46":0,"47":5},"f":{"0":3,"1":5,"2":2,"3":3,"4":3,"5":5,"6":2},"b":{"0":[1,2],"1":[0,2],"2":[0,2],"3":[0,2],"4":[1,2]},"_coverageSchema":"1a1c01bbd47fc00a2c39e90264f33305004495a9","hash":"a7694c529093ee068a61f87e0f0c939fa175cd34"}
,"/home/lrw/personal-projects/plusone/backend/routes/matches.js": {"path":"/home/lrw/personal-projects/plusone/backend/routes/matches.js","statementMap":{"0":{"start":{"line":5,"column":16},"end":{"line":5,"column":34}},"1":{"start":{"line":10,"column":4},"end":{"line":10,"column":33}},"2":{"start":{"line":11,"column":26},"end":{"line":11,"column":61}},"3":{"start":{"line":12,"column":19},"end":{"line":12,"column":39}},"4":{"start":{"line":13,"column":14},"end":{"line":13,"column":40}},"5":{"start":{"line":15,"column":15},"end":{"line":15,"column":31}},"6":{"start":{"line":28,"column":0},"end":{"line":43,"column":7}},"7":{"start":{"line":34,"column":8},"end":{"line":35,"column":87}},"8":{"start":{"line":34,"column":31},"end":{"line":35,"column":87}},"9":{"start":{"line":35,"column":50},"end":{"line":35,"column":82}},"10":{"start":{"line":37,"column":8},"end":{"line":42,"column":9}},"11":{"start":{"line":38,"column":26},"end":{"line":38,"column":61}},"12":{"start":{"line":39,"column":12},"end":{"line":39,"column":51}},"13":{"start":{"line":41,"column":12},"end":{"line":41,"column":66}},"14":{"start":{"line":52,"column":0},"end":{"line":59,"column":3}},"15":{"start":{"line":53,"column":16},"end":{"line":53,"column":66}},"16":{"start":{"line":54,"column":16},"end":{"line":54,"column":66}},"17":{"start":{"line":55,"column":4},"end":{"line":58,"column":76}},"18":{"start":{"line":56,"column":24},"end":{"line":56,"column":52}},"19":{"start":{"line":57,"column":8},"end":{"line":57,"column":37}},"20":{"start":{"line":58,"column":20},"end":{"line":58,"column":74}},"21":{"start":{"line":66,"column":0},"end":{"line":72,"column":3}},"22":{"start":{"line":68,"column":4},"end":{"line":71,"column":90}},"23":{"start":{"line":69,"column":8},"end":{"line":69,"column":68}},"24":{"start":{"line":70,"column":8},"end":{"line":70,"column":52}},"25":{"start":{"line":71,"column":20},"end":{"line":71,"column":88}},"26":{"start":{"line":74,"column":0},"end":{"line":74,"column":24}}},"fnMap":{"0":{"name":"(anonymous_0)","decl":{"start":{"line":33,"column":4},"end":{"line":33,"column":5}},"loc":{"start":{"line":33,"column":36},"end":{"line":43,"column":5}},"line":33},"1":{"name":"(anonymous_1)","decl":{"start":{"line":35,"column":43},"end":{"line":35,"column":44}},"loc":{"start":{"line":35,"column":50},"end":{"line":35,"column":82}},"line":35},"2":{"name":"(anonymous_2)","decl":{"start":{"line":52,"column":49},"end":{"line":52,"column":50}},"loc":{"start":{"line":52,"column":81},"end":{"line":59,"column":1}},"line":52},"3":{"name":"(anonymous_3)","decl":{"start":{"line":66,"column":72},"end":{"line":66,"column":73}},"loc":{"start":{"line":66,"column":104},"end":{"line":72,"column":1}},"line":66}},"branchMap":{"0":{"loc":{"start":{"line":34,"column":8},"end":{"line":35,"column":87}},"type":"if","locations":[{"start":{"line":34,"column":8},"end":{"line":35,"column":87}},{"start":{},"end":{}}],"line":34},"1":{"loc":{"start":{"line":53,"column":16},"end":{"line":53,"column":66}},"type":"cond-expr","locations":[{"start":{"line":53,"column":33},"end":{"line":53,"column":54}},{"start":{"line":53,"column":57},"end":{"line":53,"column":66}}],"line":53},"2":{"loc":{"start":{"line":54,"column":16},"end":{"line":54,"column":66}},"type":"cond-expr","locations":[{"start":{"line":54,"column":33},"end":{"line":54,"column":54}},{"start":{"line":54,"column":57},"end":{"line":54,"column":66}}],"line":54}},"s":{"0":5,"1":5,"2":5,"3":5,"4":5,"5":5,"6":5,"7":3,"8":0,"9":0,"10":3,"11":3,"12":3,"13":0,"14":5,"15":4,"16":4,"17":4,"18":4,"19":4,"20":0,"21":5,"22":2,"23":2,"24":2,"25":0,"26":5},"f":{"0":3,"1":0,"2":4,"3":2},"b":{"0":[0,3],"1":[2,2],"2":[2,2]},"_coverageSchema":"1a1c01bbd47fc00a2c39e90264f33305004495a9","hash":"18e65917763061e945ddb4cdb152179c26c1119c"}
,"/home/lrw/personal-projects/plusone/backend/routes/profiles.js": {"path":"/home/lrw/personal-projects/plusone/backend/routes/profiles.js","statementMap":{"0":{"start":{"line":5,"column":16},"end":{"line":5,"column":34}},"1":{"start":{"line":10,"column":4},"end":{"line":10,"column":33}},"2":{"start":{"line":11,"column":28},"end":{"line":11,"column":63}},"3":{"start":{"line":12,"column":19},"end":{"line":12,"column":39}},"4":{"start":{"line":13,"column":36},"end":{"line":13,"column":64}},"5":{"start":{"line":14,"column":13},"end":{"line":14,"column":38}},"6":{"start":{"line":16,"column":15},"end":{"line":16,"column":31}},"7":{"start":{"line":29,"column":0},"end":{"line":41,"column":3}},"8":{"start":{"line":30,"column":4},"end":{"line":31,"column":83}},"9":{"start":{"line":30,"column":27},"end":{"line":31,"column":83}},"10":{"start":{"line":31,"column":46},"end":{"line":31,"column":78}},"11":{"start":{"line":33,"column":4},"end":{"line":40,"column":5}},"12":{"start":{"line":34,"column":24},"end":{"line":34,"column":85}},"13":{"start":{"line":36,"column":8},"end":{"line":36,"column":49}},"14":{"start":{"line":38,"column":8},"end":{"line":38,"column":25}},"15":{"start":{"line":39,"column":8},"end":{"line":39,"column":69}},"16":{"start":{"line":53,"column":0},"end":{"line":62,"column":7}},"17":{"start":{"line":55,"column":8},"end":{"line":56,"column":87}},"18":{"start":{"line":55,"column":31},"end":{"line":56,"column":87}},"19":{"start":{"line":56,"column":50},"end":{"line":56,"column":82}},"20":{"start":{"line":58,"column":8},"end":{"line":61,"column":87}},"21":{"start":{"line":59,"column":26},"end":{"line":59,"column":91}},"22":{"start":{"line":60,"column":12},"end":{"line":60,"column":41}},"23":{"start":{"line":61,"column":24},"end":{"line":61,"column":85}},"24":{"start":{"line":64,"column":0},"end":{"line":64,"column":24}}},"fnMap":{"0":{"name":"(anonymous_0)","decl":{"start":{"line":29,"column":67},"end":{"line":29,"column":68}},"loc":{"start":{"line":29,"column":99},"end":{"line":41,"column":1}},"line":29},"1":{"name":"(anonymous_1)","decl":{"start":{"line":31,"column":39},"end":{"line":31,"column":40}},"loc":{"start":{"line":31,"column":46},"end":{"line":31,"column":78}},"line":31},"2":{"name":"(anonymous_2)","decl":{"start":{"line":54,"column":4},"end":{"line":54,"column":5}},"loc":{"start":{"line":54,"column":36},"end":{"line":62,"column":5}},"line":54},"3":{"name":"(anonymous_3)","decl":{"start":{"line":56,"column":43},"end":{"line":56,"column":44}},"loc":{"start":{"line":56,"column":50},"end":{"line":56,"column":82}},"line":56}},"branchMap":{"0":{"loc":{"start":{"line":30,"column":4},"end":{"line":31,"column":83}},"type":"if","locations":[{"start":{"line":30,"column":4},"end":{"line":31,"column":83}},{"start":{},"end":{}}],"line":30},"1":{"loc":{"start":{"line":55,"column":8},"end":{"line":56,"column":87}},"type":"if","locations":[{"start":{"line":55,"column":8},"end":{"line":56,"column":87}},{"start":{},"end":{}}],"line":55}},"s":{"0":5,"1":5,"2":5,"3":5,"4":5,"5":5,"6":5,"7":5,"8":2,"9":1,"10":2,"11":1,"12":1,"13":1,"14":0,"15":0,"16":5,"17":3,"18":1,"19":2,"20":2,"21":2,"22":2,"23":0,"24":5},"f":{"0":2,"1":2,"2":3,"3":2},"b":{"0":[1,1],"1":[1,2]},"_coverageSchema":"1a1c01bbd47fc00a2c39e90264f33305004495a9","hash":"04257b971a7f07cef3d583d34c7db88585a7a230"}
,"/home/lrw/personal-projects/plusone/backend/routes/users.js": {"path":"/home/lrw/personal-projects/plusone/backend/routes/users.js","statementMap":{"0":{"start":{"line":5,"column":16},"end":{"line":5,"column":34}},"1":{"start":{"line":6,"column":83},"end":{"line":6,"column":112}},"2":{"start":{"line":7,"column":13},"end":{"line":7,"column":38}},"3":{"start":{"line":8,"column":49},"end":{"line":8,"column":84}},"4":{"start":{"line":9,"column":19},"end":{"line":9,"column":39}},"5":{"start":{"line":10,"column":36},"end":{"line":10,"column":64}},"6":{"start":{"line":12,"column":15},"end":{"line":12,"column":31}},"7":{"start":{"line":28,"column":0},"end":{"line":41,"column":3}},"8":{"start":{"line":29,"column":4},"end":{"line":30,"column":83}},"9":{"start":{"line":29,"column":27},"end":{"line":30,"column":83}},"10":{"start":{"line":30,"column":46},"end":{"line":30,"column":78}},"11":{"start":{"line":31,"column":4},"end":{"line":40,"column":5}},"12":{"start":{"line":32,"column":24},"end":{"line":32,"column":60}},"13":{"start":{"line":34,"column":8},"end":{"line":34,"column":53}},"14":{"start":{"line":34,"column":30},"end":{"line":34,"column":53}},"15":{"start":{"line":35,"column":22},"end":{"line":35,"column":47}},"16":{"start":{"line":37,"column":8},"end":{"line":37,"column":47}},"17":{"start":{"line":39,"column":8},"end":{"line":39,"column":69}},"18":{"start":{"line":50,"column":0},"end":{"line":54,"column":3}},"19":{"start":{"line":51,"column":16},"end":{"line":51,"column":46}},"20":{"start":{"line":52,"column":4},"end":{"line":52,"column":61}},"21":{"start":{"line":53,"column":4},"end":{"line":53,"column":31}},"22":{"start":{"line":64,"column":0},"end":{"line":77,"column":3}},"23":{"start":{"line":65,"column":4},"end":{"line":76,"column":82}},"24":{"start":{"line":66,"column":19},"end":{"line":73,"column":10}},"25":{"start":{"line":74,"column":8},"end":{"line":74,"column":56}},"26":{"start":{"line":75,"column":8},"end":{"line":75,"column":34}},"27":{"start":{"line":76,"column":20},"end":{"line":76,"column":80}},"28":{"start":{"line":89,"column":0},"end":{"line":100,"column":7}},"29":{"start":{"line":91,"column":8},"end":{"line":92,"column":87}},"30":{"start":{"line":91,"column":31},"end":{"line":92,"column":87}},"31":{"start":{"line":92,"column":50},"end":{"line":92,"column":82}},"32":{"start":{"line":94,"column":8},"end":{"line":99,"column":87}},"33":{"start":{"line":95,"column":12},"end":{"line":95,"column":46}},"34":{"start":{"line":96,"column":23},"end":{"line":96,"column":49}},"35":{"start":{"line":97,"column":12},"end":{"line":97,"column":60}},"36":{"start":{"line":98,"column":12},"end":{"line":98,"column":38}},"37":{"start":{"line":99,"column":24},"end":{"line":99,"column":85}},"38":{"start":{"line":107,"column":0},"end":{"line":116,"column":3}},"39":{"start":{"line":108,"column":4},"end":{"line":110,"column":87}},"40":{"start":{"line":109,"column":8},"end":{"line":109,"column":84}},"41":{"start":{"line":110,"column":20},"end":{"line":110,"column":85}},"42":{"start":{"line":112,"column":4},"end":{"line":115,"column":89}},"43":{"start":{"line":113,"column":8},"end":{"line":113,"column":73}},"44":{"start":{"line":114,"column":8},"end":{"line":114,"column":55}},"45":{"start":{"line":115,"column":20},"end":{"line":115,"column":87}},"46":{"start":{"line":118,"column":0},"end":{"line":118,"column":24}}},"fnMap":{"0":{"name":"(anonymous_0)","decl":{"start":{"line":28,"column":65},"end":{"line":28,"column":66}},"loc":{"start":{"line":28,"column":97},"end":{"line":41,"column":1}},"line":28},"1":{"name":"(anonymous_1)","decl":{"start":{"line":30,"column":39},"end":{"line":30,"column":40}},"loc":{"start":{"line":30,"column":46},"end":{"line":30,"column":78}},"line":30},"2":{"name":"(anonymous_2)","decl":{"start":{"line":50,"column":46},"end":{"line":50,"column":47}},"loc":{"start":{"line":50,"column":78},"end":{"line":54,"column":1}},"line":50},"3":{"name":"(anonymous_3)","decl":{"start":{"line":64,"column":38},"end":{"line":64,"column":39}},"loc":{"start":{"line":64,"column":70},"end":{"line":77,"column":1}},"line":64},"4":{"name":"(anonymous_4)","decl":{"start":{"line":90,"column":4},"end":{"line":90,"column":5}},"loc":{"start":{"line":90,"column":36},"end":{"line":100,"column":5}},"line":90},"5":{"name":"(anonymous_5)","decl":{"start":{"line":92,"column":43},"end":{"line":92,"column":44}},"loc":{"start":{"line":92,"column":50},"end":{"line":92,"column":82}},"line":92},"6":{"name":"(anonymous_6)","decl":{"start":{"line":107,"column":51},"end":{"line":107,"column":52}},"loc":{"start":{"line":107,"column":83},"end":{"line":116,"column":1}},"line":107}},"branchMap":{"0":{"loc":{"start":{"line":29,"column":4},"end":{"line":30,"column":83}},"type":"if","locations":[{"start":{"line":29,"column":4},"end":{"line":30,"column":83}},{"start":{},"end":{}}],"line":29},"1":{"loc":{"start":{"line":34,"column":8},"end":{"line":34,"column":53}},"type":"if","locations":[{"start":{"line":34,"column":8},"end":{"line":34,"column":53}},{"start":{},"end":{}}],"line":34},"2":{"loc":{"start":{"line":91,"column":8},"end":{"line":92,"column":87}},"type":"if","locations":[{"start":{"line":91,"column":8},"end":{"line":92,"column":87}},{"start":{},"end":{}}],"line":91}},"s":{"0":5,"1":5,"2":5,"3":5,"4":5,"5":5,"6":5,"7":5,"8":2,"9":1,"10":1,"11":1,"12":1,"13":1,"14":0,"15":1,"16":1,"17":0,"18":5,"19":1,"20":1,"21":1,"22":5,"23":2,"24":2,"25":2,"26":2,"27":0,"28":5,"29":3,"30":1,"31":2,"32":2,"33":2,"34":2,"35":2,"36":2,"37":0,"38":5,"39":2,"40":2,"41":0,"42":2,"43":2,"44":2,"45":0,"46":5},"f":{"0":2,"1":1,"2":1,"3":2,"4":3,"5":2,"6":2},"b":{"0":[1,1],"1":[0,1],"2":[1,2]},"_coverageSchema":"1a1c01bbd47fc00a2c39e90264f33305004495a9","hash":"8c631d9ed09679ef35dae28bc08b6234632f9f79"}
}
