TN:
SF:_testCommon.js
FN:49,(anonymous_0)
FN:101,createUser
FN:111,createEvent
FN:117,createProfile
FN:126,generateMatches
FN:153,generateEvents
FN:171,runBeforeAll
FN:208,clearDb
FNF:8
FNH:7
FNDA:50,(anonymous_0)
FNDA:83,createUser
FNDA:64,createEvent
FNDA:0,createProfile
FNDA:2,generateMatches
FNDA:3,generateEvents
FNDA:36,runBeforeAll
FNDA:71,clearDb
DA:3,12
DA:4,12
DA:5,12
DA:6,12
DA:7,12
DA:14,12
DA:23,12
DA:32,12
DA:41,12
DA:50,50
DA:51,50
DA:52,50
DA:55,12
DA:64,12
DA:73,12
DA:82,12
DA:88,12
DA:94,12
DA:102,83
DA:103,83
DA:107,83
DA:108,81
DA:112,64
DA:113,64
DA:114,64
DA:118,0
DA:119,0
DA:120,0
DA:127,2
DA:128,2
DA:131,2
DA:133,6
DA:134,66
DA:135,66
DA:138,66
DA:140,0
DA:142,66
DA:144,6
DA:147,2
DA:154,3
DA:156,3
DA:157,24
DA:165,24
DA:168,3
DA:172,36
DA:173,36
DA:174,36
DA:175,36
DA:176,36
DA:178,36
DA:179,33
DA:184,36
DA:188,36
DA:192,36
DA:197,36
DA:209,71
DA:210,71
DA:211,71
DA:212,71
DA:216,12
LF:60
LH:56
BRDA:49,0,0,48
BRDA:153,1,0,0
BRDA:171,2,0,33
BRDA:178,3,0,33
BRDA:178,3,1,3
BRF:5
BRH:4
end_of_record
TN:
SF:app.js
FN:35,(anonymous_0)
FN:40,(anonymous_1)
FNF:2
FNH:0
FNDA:0,(anonymous_0)
FNDA:0,(anonymous_1)
DA:4,5
DA:5,5
DA:7,5
DA:9,5
DA:10,5
DA:11,5
DA:12,5
DA:13,5
DA:14,5
DA:17,5
DA:19,5
DA:21,5
DA:22,5
DA:23,5
DA:24,5
DA:26,5
DA:27,5
DA:28,5
DA:29,5
DA:30,5
DA:35,5
DA:36,0
DA:40,5
DA:41,0
DA:42,0
DA:43,0
DA:45,0
DA:50,5
LF:28
LH:23
BRDA:41,0,0,0
BRDA:41,0,1,0
BRDA:42,1,0,0
BRDA:42,1,1,0
BRF:4
BRH:0
end_of_record
TN:
SF:config.js
FN:13,getDatabaseUri
FNF:1
FNH:1
FNDA:12,getDatabaseUri
DA:5,12
DA:6,12
DA:8,12
DA:10,12
DA:14,12
DA:21,12
DA:23,12
DA:24,0
DA:34,12
LF:9
LH:8
BRDA:8,0,0,12
BRDA:8,0,1,12
BRDA:10,1,0,12
BRDA:10,1,1,12
BRDA:14,2,0,12
BRDA:14,2,1,0
BRDA:21,3,0,12
BRDA:21,3,1,0
BRDA:23,4,0,0
BRDA:23,4,1,12
BRF:10
BRH:7
end_of_record
TN:
SF:expressError.js
FN:12,(anonymous_0)
FN:22,(anonymous_1)
FN:30,(anonymous_2)
FN:38,(anonymous_3)
FN:46,(anonymous_4)
FN:53,(anonymous_5)
FN:62,handlePrismaError
FNF:7
FNH:6
FNDA:22,(anonymous_0)
FNDA:8,(anonymous_1)
FNDA:2,(anonymous_2)
FNDA:11,(anonymous_3)
FNDA:0,(anonymous_4)
FNDA:1,(anonymous_5)
FNDA:4,handlePrismaError
DA:3,13
DA:13,22
DA:14,22
DA:15,22
DA:23,8
DA:31,2
DA:39,11
DA:47,0
DA:54,1
DA:64,4
DA:66,1
DA:67,3
DA:69,1
DA:70,2
DA:72,1
DA:75,1
DA:78,13
LF:17
LH:16
BRDA:22,0,0,0
BRDA:30,1,0,0
BRDA:38,2,0,0
BRDA:46,3,0,0
BRDA:53,4,0,0
BRDA:64,5,0,1
BRDA:64,5,1,3
BRDA:67,6,0,1
BRDA:67,6,1,2
BRDA:70,7,0,1
BRDA:70,7,1,1
BRF:11
BRH:6
end_of_record
TN:
SF:prisma.js
FNF:0
FNH:0
DA:5,12
DA:6,12
DA:8,12
DA:9,12
DA:16,12
DA:18,12
LF:6
LH:6
BRF:0
BRH:0
end_of_record
TN:
SF:helpers/prisma.js
FN:9,exclude
FN:11,(anonymous_1)
FN:20,excludeFromAll
FNF:3
FNH:3
FNDA:33,exclude
FNDA:230,(anonymous_1)
FNDA:7,excludeFromAll
DA:10,33
DA:11,230
DA:21,7
DA:22,7
DA:23,8
DA:25,7
DA:28,7
LF:7
LH:7
BRF:0
BRH:0
end_of_record
TN:
SF:middleware/auth.js
FN:17,authenticateJWT
FN:40,ensureLoggedIn
FN:50,ensureAdmin
FN:63,ensureCorrectUserOrAdmin
FN:79,ensureCorrectUserOrAdminEvents
FN:102,ensureCorrectUserOrAdminMatches
FNF:6
FNH:6
FNDA:106,authenticateJWT
FNDA:22,ensureLoggedIn
FNDA:9,ensureAdmin
FNDA:16,ensureCorrectUserOrAdmin
FNDA:13,ensureCorrectUserOrAdminEvents
FNDA:12,ensureCorrectUserOrAdminMatches
DA:5,6
DA:6,6
DA:7,6
DA:18,106
DA:19,106
DA:20,81
DA:21,81
DA:22,81
DA:23,81
DA:28,10
DA:31,106
DA:41,22
DA:42,5
DA:51,9
DA:52,4
DA:54,5
DA:64,16
DA:65,16
DA:66,16
DA:67,10
DA:70,6
DA:80,13
DA:81,13
DA:82,13
DA:83,13
DA:86,1
DA:88,12
DA:89,12
DA:90,7
DA:93,5
DA:103,12
DA:105,12
DA:107,10
DA:108,2
DA:109,2
DA:110,2
DA:117,0
DA:119,2
DA:121,2
DA:124,0
DA:127,2
DA:130,8
DA:131,8
DA:133,8
DA:134,8
DA:137,1
DA:139,7
DA:141,5
DA:144,2
DA:147,3
DA:148,3
DA:152,6
LF:52
LH:50
BRDA:19,0,0,81
BRDA:19,0,1,25
BRDA:41,1,0,17
BRDA:41,1,1,5
BRDA:51,2,0,4
BRDA:51,2,1,5
BRDA:51,3,0,9
BRDA:51,3,1,7
BRDA:66,4,0,10
BRDA:66,4,1,6
BRDA:66,5,0,16
BRDA:66,5,1,11
BRDA:66,5,2,7
BRDA:88,6,0,12
BRDA:88,6,1,0
BRDA:89,7,0,7
BRDA:89,7,1,5
BRDA:89,8,0,12
BRDA:89,8,1,12
BRDA:89,8,2,8
BRDA:89,8,3,5
BRDA:105,9,0,2
BRDA:105,9,1,10
BRDA:107,10,0,2
BRDA:107,10,1,8
BRDA:121,11,0,0
BRDA:121,11,1,2
BRDA:121,12,0,2
BRDA:121,12,1,1
BRDA:121,12,2,0
BRDA:139,13,0,2
BRDA:139,13,1,5
BRDA:141,14,0,2
BRDA:141,14,1,3
BRDA:141,15,0,5
BRDA:141,15,1,2
BRDA:141,15,2,2
BRDA:147,16,0,3
BRDA:147,16,1,0
BRF:39
BRH:35
end_of_record
TN:
SF:middleware/validation.js
FN:16,validateRegister
FN:45,validateUserUpdate
FN:71,validateLogin
FN:93,validateEvent
FN:117,validateEventDate
FN:139,validateMatch
FN:161,validateProfile
FNF:7
FNH:7
FNDA:7,validateRegister
FNDA:8,validateUserUpdate
FNDA:9,validateLogin
FNDA:9,validateEvent
FNDA:7,validateEventDate
FNDA:6,validateMatch
FNDA:8,validateProfile
DA:5,7
DA:6,7
DA:7,7
DA:18,7
DA:28,7
DA:29,7
DA:30,7
DA:31,7
DA:33,4
DA:35,7
DA:47,8
DA:55,8
DA:56,8
DA:57,8
DA:58,8
DA:60,6
DA:62,8
DA:72,9
DA:74,9
DA:80,9
DA:81,9
DA:82,9
DA:83,7
DA:84,9
DA:95,9
DA:103,9
DA:105,9
DA:106,9
DA:107,6
DA:109,9
DA:118,7
DA:119,7
DA:120,7
DA:122,6
DA:123,6
DA:125,6
DA:126,6
DA:127,5
DA:128,5
DA:130,4
DA:141,6
DA:146,6
DA:147,6
DA:148,6
DA:150,4
DA:152,6
DA:163,8
DA:169,8
DA:170,8
DA:171,8
DA:173,5
DA:175,8
DA:178,7
LF:53
LH:53
BRDA:29,0,0,5
BRDA:29,0,1,2
BRDA:31,1,0,3
BRDA:31,1,1,4
BRDA:56,2,0,2
BRDA:56,2,1,6
BRDA:58,3,0,2
BRDA:58,3,1,6
BRDA:80,4,0,4
BRDA:80,4,1,5
BRDA:82,5,0,2
BRDA:82,5,1,7
BRDA:106,6,0,3
BRDA:106,6,1,6
BRDA:120,7,0,1
BRDA:120,7,1,6
BRDA:126,8,0,1
BRDA:126,8,1,5
BRDA:128,9,0,1
BRDA:128,9,1,4
BRDA:148,10,0,2
BRDA:148,10,1,4
BRDA:171,11,0,3
BRDA:171,11,1,5
BRF:24
BRH:24
end_of_record
TN:
SF:models/event.js
FN:15,(anonymous_0)
FN:43,(anonymous_1)
FNF:2
FNH:2
FNDA:3,(anonymous_0)
FNDA:3,(anonymous_1)
DA:3,6
DA:4,6
DA:5,6
DA:16,3
DA:18,3
DA:19,3
DA:20,3
DA:21,3
DA:32,3
DA:33,0
DA:44,3
DA:45,3
DA:46,3
DA:49,0
DA:51,3
DA:52,3
DA:53,3
DA:54,3
DA:55,12
DA:56,5
DA:57,5
DA:59,3
DA:61,3
DA:64,3
DA:65,3
DA:70,0
DA:72,3
DA:77,6
LF:28
LH:25
BRDA:55,0,0,5
BRDA:55,0,1,7
BRDA:55,1,0,12
BRDA:55,1,1,7
BRDA:59,2,0,3
BRDA:59,2,1,0
BRDA:59,3,0,3
BRDA:59,3,1,0
BRDA:59,3,2,3
BRDA:59,3,3,3
BRDA:64,4,0,3
BRDA:64,4,1,0
BRF:12
BRH:9
end_of_record
TN:
SF:models/match.js
FN:18,(anonymous_0)
FN:60,(anonymous_1)
FN:95,(anonymous_2)
FNF:3
FNH:2
FNDA:7,(anonymous_0)
FNDA:10,(anonymous_1)
FNDA:0,(anonymous_2)
DA:3,6
DA:4,6
DA:5,6
DA:19,7
DA:20,7
DA:22,7
DA:23,7
DA:26,1
DA:28,6
DA:29,6
DA:33,1
DA:37,5
DA:40,4
DA:41,4
DA:46,4
DA:47,4
DA:48,4
DA:50,4
DA:51,0
DA:61,10
DA:62,2
DA:64,8
DA:65,8
DA:66,8
DA:94,8
DA:95,0
DA:101,6
LF:27
LH:25
BRDA:26,0,0,1
BRDA:26,0,1,0
BRDA:37,1,0,1
BRDA:37,1,1,4
BRDA:60,2,0,3
BRDA:60,3,0,4
BRDA:61,4,0,2
BRDA:61,4,1,8
BRDA:61,5,0,10
BRDA:61,5,1,9
BRDA:64,6,0,8
BRDA:64,6,1,0
BRDA:65,7,0,8
BRDA:65,7,1,0
BRF:14
BRH:11
end_of_record
TN:
SF:models/user.js
FN:23,(anonymous_0)
FN:47,(anonymous_1)
FN:93,(anonymous_2)
FN:135,(anonymous_3)
FN:173,(anonymous_4)
FN:214,(anonymous_5)
FN:248,(anonymous_6)
FNF:7
FNH:7
FNDA:3,(anonymous_0)
FNDA:8,(anonymous_1)
FNDA:10,(anonymous_2)
FNDA:4,(anonymous_3)
FNDA:6,(anonymous_4)
FNDA:4,(anonymous_5)
FNDA:114,(anonymous_6)
DA:3,12
DA:4,12
DA:5,12
DA:6,12
DA:7,12
DA:24,3
DA:25,3
DA:26,3
DA:28,3
DA:29,3
DA:30,3
DA:34,0
DA:36,3
DA:37,3
DA:48,8
DA:49,8
DA:51,8
DA:52,8
DA:55,1
DA:57,7
DA:58,7
DA:59,2
DA:61,0
DA:63,7
DA:64,7
DA:65,7
DA:66,7
DA:67,21
DA:68,6
DA:69,6
DA:72,7
DA:73,6
DA:78,0
DA:80,7
DA:94,10
DA:95,10
DA:97,10
DA:98,4
DA:99,4
DA:100,4
DA:104,2
DA:108,6
DA:109,6
DA:110,6
DA:114,2
DA:118,6
DA:119,6
DA:120,6
DA:121,4
DA:122,4
DA:125,2
DA:136,4
DA:145,4
DA:148,3
DA:149,3
DA:150,3
DA:161,3
DA:162,3
DA:163,0
DA:174,6
DA:175,6
DA:179,6
DA:181,6
DA:183,6
DA:203,6
DA:204,0
DA:215,4
DA:216,4
DA:217,4
DA:218,4
DA:221,1
DA:223,3
DA:225,3
DA:226,3
DA:241,0
DA:243,3
DA:249,114
DA:252,114
DA:258,114
DA:263,12
LF:80
LH:74
BRDA:26,0,0,0
BRDA:26,0,1,3
BRDA:58,1,0,2
BRDA:58,1,1,5
BRDA:67,2,0,6
BRDA:67,2,1,15
BRDA:67,3,0,21
BRDA:67,3,1,16
BRDA:72,4,0,6
BRDA:72,4,1,1
BRDA:97,5,0,4
BRDA:97,5,1,6
BRDA:118,6,0,6
BRDA:118,6,1,0
BRDA:120,7,0,4
BRDA:120,7,1,2
BRDA:145,8,0,1
BRDA:145,8,1,3
BRDA:179,9,0,0
BRDA:179,9,1,6
BRDA:254,10,0,114
BRDA:254,10,1,108
BRDA:255,11,0,114
BRDA:255,11,1,77
BRF:24
BRH:21
end_of_record
TN:
SF:routes/auth.js
FN:23,(anonymous_0)
FN:25,(anonymous_1)
FN:54,(anonymous_2)
FN:56,(anonymous_3)
FNF:4
FNH:2
FNDA:5,(anonymous_0)
FNDA:0,(anonymous_1)
FNDA:2,(anonymous_2)
FNDA:0,(anonymous_3)
DA:5,5
DA:6,5
DA:7,5
DA:8,5
DA:9,5
DA:23,5
DA:24,5
DA:25,0
DA:27,5
DA:28,5
DA:29,5
DA:31,5
DA:32,5
DA:33,2
DA:34,2
DA:36,3
DA:37,3
DA:54,5
DA:55,2
DA:56,0
DA:58,2
DA:59,2
DA:60,1
DA:61,1
DA:63,1
DA:68,5
LF:26
LH:24
BRDA:24,0,0,0
BRDA:24,0,1,5
BRDA:28,1,0,2
BRDA:28,1,1,3
BRDA:29,2,0,0
BRDA:29,2,1,5
BRDA:55,3,0,0
BRDA:55,3,1,2
BRF:8
BRH:5
end_of_record
TN:
SF:routes/events.js
FN:29,(anonymous_0)
FN:31,(anonymous_1)
FN:51,(anonymous_2)
FN:71,(anonymous_3)
FN:92,(anonymous_4)
FN:94,(anonymous_5)
FN:110,(anonymous_6)
FNF:7
FNH:7
FNDA:3,(anonymous_0)
FNDA:5,(anonymous_1)
FNDA:2,(anonymous_2)
FNDA:3,(anonymous_3)
FNDA:3,(anonymous_4)
FNDA:5,(anonymous_5)
FNDA:2,(anonymous_6)
DA:5,5
DA:10,5
DA:11,5
DA:12,5
DA:13,5
DA:14,5
DA:16,5
DA:29,5
DA:30,3
DA:31,5
DA:33,2
DA:34,2
DA:36,2
DA:38,0
DA:39,0
DA:51,5
DA:52,2
DA:53,2
DA:54,2
DA:58,2
DA:59,2
DA:60,2
DA:71,5
DA:72,3
DA:73,3
DA:76,3
DA:77,3
DA:78,0
DA:91,5
DA:93,3
DA:94,5
DA:96,2
DA:97,2
DA:98,2
DA:99,2
DA:100,0
DA:110,5
DA:111,2
DA:112,2
DA:113,0
DA:115,2
DA:116,2
DA:117,2
DA:118,0
DA:121,5
LF:45
LH:39
BRDA:30,0,0,1
BRDA:30,0,1,2
BRDA:52,1,0,0
BRDA:52,1,1,2
BRDA:53,2,0,0
BRDA:53,2,1,2
BRDA:58,3,0,0
BRDA:58,3,1,2
BRDA:93,4,0,1
BRDA:93,4,1,2
BRF:10
BRH:7
end_of_record
TN:
SF:routes/matches.js
FN:33,(anonymous_0)
FN:35,(anonymous_1)
FN:52,(anonymous_2)
FN:66,(anonymous_3)
FNF:4
FNH:3
FNDA:3,(anonymous_0)
FNDA:0,(anonymous_1)
FNDA:4,(anonymous_2)
FNDA:2,(anonymous_3)
DA:5,5
DA:10,5
DA:11,5
DA:12,5
DA:13,5
DA:15,5
DA:28,5
DA:34,3
DA:35,0
DA:37,3
DA:38,3
DA:39,3
DA:41,0
DA:52,5
DA:53,4
DA:54,4
DA:55,4
DA:56,4
DA:57,4
DA:58,0
DA:66,5
DA:68,2
DA:69,2
DA:70,2
DA:71,0
DA:74,5
LF:26
LH:22
BRDA:34,0,0,0
BRDA:34,0,1,3
BRDA:53,1,0,2
BRDA:53,1,1,2
BRDA:54,2,0,2
BRDA:54,2,1,2
BRF:6
BRH:5
end_of_record
TN:
SF:routes/profiles.js
FN:29,(anonymous_0)
FN:31,(anonymous_1)
FN:54,(anonymous_2)
FN:56,(anonymous_3)
FNF:4
FNH:4
FNDA:2,(anonymous_0)
FNDA:2,(anonymous_1)
FNDA:3,(anonymous_2)
FNDA:2,(anonymous_3)
DA:5,5
DA:10,5
DA:11,5
DA:12,5
DA:13,5
DA:14,5
DA:16,5
DA:29,5
DA:30,2
DA:31,2
DA:33,1
DA:34,1
DA:36,1
DA:38,0
DA:39,0
DA:53,5
DA:55,3
DA:56,2
DA:58,2
DA:59,2
DA:60,2
DA:61,0
DA:64,5
LF:23
LH:20
BRDA:30,0,0,1
BRDA:30,0,1,1
BRDA:55,1,0,1
BRDA:55,1,1,2
BRF:4
BRH:4
end_of_record
TN:
SF:routes/users.js
FN:28,(anonymous_0)
FN:30,(anonymous_1)
FN:50,(anonymous_2)
FN:64,(anonymous_3)
FN:90,(anonymous_4)
FN:92,(anonymous_5)
FN:107,(anonymous_6)
FNF:7
FNH:7
FNDA:2,(anonymous_0)
FNDA:1,(anonymous_1)
FNDA:1,(anonymous_2)
FNDA:2,(anonymous_3)
FNDA:3,(anonymous_4)
FNDA:2,(anonymous_5)
FNDA:2,(anonymous_6)
DA:5,5
DA:6,5
DA:7,5
DA:8,5
DA:9,5
DA:10,5
DA:12,5
DA:28,5
DA:29,2
DA:30,1
DA:31,1
DA:32,1
DA:34,1
DA:35,1
DA:37,1
DA:39,0
DA:50,5
DA:51,1
DA:52,1
DA:53,1
DA:64,5
DA:65,2
DA:66,2
DA:74,2
DA:75,2
DA:76,0
DA:89,5
DA:91,3
DA:92,2
DA:94,2
DA:95,2
DA:96,2
DA:97,2
DA:98,2
DA:99,0
DA:107,5
DA:108,2
DA:109,2
DA:110,0
DA:112,2
DA:113,2
DA:114,2
DA:115,0
DA:118,5
LF:44
LH:39
BRDA:29,0,0,1
BRDA:29,0,1,1
BRDA:34,1,0,0
BRDA:34,1,1,1
BRDA:91,2,0,1
BRDA:91,2,1,2
BRF:6
BRH:5
end_of_record
